Handling lib "zz_boards"...
Handling lib "rpc-service-config"...
Handling lib "Success, built iot_labb_i2c/esp32 version 1.0 (20190130-110858).
Firmware saved to C:\Users\sifr0013\Desktop\Mongoose-OS\iot_labb_i2c\build\fw.zip
 "rpc-uart"...
Handling lib "core"...
ca-bundle: Checking out 2.11.0...
pwm: Checking out 2.11.0...
zz_boards: Checking out 2.11.0...
ca-bundle: Done, hash d5a470b260e3485660ffed6b5b1c7c961bd2b88c
ca-bundle: Hash unchanged at d5a470b260e3485660ffed6b5b1c7c961bd2b88c (dir "/fwbuild-volumes/2.11.0/apps/iot_labb_i2c/esp32/build_contexts/build_ctx_655065916/deps/ca-bundle")
mjs: Checking out 2.11.0...
ca-bundle: Prepared local dir: "/fwbuild-volumes/2.11.0/apps/iot_labb_i2c/esp32/build_contexts/build_ctx_655065916/deps/ca-bundle"
pwm: Done, hash 936d41c6b00d6a9485c064be201d9694d570cc87
zz_boards: Done, hash 94082c290df35a92b26a5247f0b3dce8d36707e0
pwm: Hash unchanged at 936d41c6b00d6a9485c064be201d9694d570cc87 (dir "/fwbuild-volumes/2.11.0/apps/iot_labb_i2c/esp32/build_contexts/build_ctx_655065916/deps/pwm")
pwm: Prepared local dir: "/fwbuild-volumes/2.11.0/apps/iot_labb_i2c/esp32/build_contexts/build_ctx_655065916/deps/pwm"
zz_boards: Hash unchanged at 94082c290df35a92b26a5247f0b3dce8d36707e0 (dir "/fwbuild-volumes/2.11.0/apps/iot_labb_i2c/esp32/build_contexts/build_ctx_655065916/deps/boards")
zz_boards: Prepared local dir: "/fwbuild-volumes/2.11.0/apps/iot_labb_i2c/esp32/build_contexts/build_ctx_655065916/deps/boards"
mjs: Done, hash ce86d41dc6b5b071aef445459c3b1085d9447456
mjs: Hash unchanged at ce86d41dc6b5b071aef445459c3b1085d9447456 (dir "/fwbuild-volumes/2.11.0/apps/iot_labb_i2c/esp32/build_contexts/build_ctx_655065916/deps/mjs")
mjs: Prepared local dir: "/fwbuild-volumes/2.11.0/apps/iot_labb_i2c/esp32/build_contexts/build_ctx_655065916/deps/mjs"
core: Checking out 2.11.0...
adc: Checking out 2.11.0...
rpc-uart: Checking out 2.11.0...
adc: Done, hash 66859b0ba3aa7c8184abb2b96433128e06b864bd
adc: Hash unchanged at 66859b0ba3aa7c8184abb2b96433128e06b864bd (dir "/fwbuild-volumes/2.11.0/apps/iot_labb_i2c/esp32/build_contexts/build_ctx_655065916/deps/adc")
adc: Prepared local dir: "/fwbuild-volumes/2.11.0/apps/iot_labb_i2c/esp32/build_contexts/build_ctx_655065916/deps/adc"
rpc-service-fs: Checking out 2.11.0...
rpc-uart: Done, hash 691c19480613c8586e800dda067ea9bc1d311b6d
core: Done, hash 59c02b9a5039803b261a1b0e58079678ff53a3b1
rpc-uart: Hash unchanged at 691c19480613c8586e800dda067ea9bc1d311b6d (dir "/fwbuild-volumes/2.11.0/apps/iot_labb_i2c/esp32/build_contexts/build_ctx_655065916/deps/rpc-uart")
rpc-uart: Prepared local dir: "/fwbuild-volumes/2.11.0/apps/iot_labb_i2c/esp32/build_contexts/build_ctx_655065916/deps/rpc-uart"
core: Hash unchanged at 59c02b9a5039803b261a1b0e58079678ff53a3b1 (dir "/fwbuild-volumes/2.11.0/apps/iot_labb_i2c/esp32/build_contexts/build_ctx_655065916/deps/core")
core: Prepared local dir: "/fwbuild-volumes/2.11.0/apps/iot_labb_i2c/esp32/build_contexts/build_ctx_655065916/deps/core"
rpc-service-fs: Done, hash d51b3684c361cd0e5ebdfe456b6dacaeae17155e
rpc-service-fs: Hash unchanged at d51b3684c361cd0e5ebdfe456b6dacaeae17155e (dir "/fwbuild-volumes/2.11.0/apps/iot_labb_i2c/esp32/build_contexts/build_ctx_655065916/deps/rpc-service-fs")
rpc-service-fs: Prepared local dir: "/fwbuild-volumes/2.11.0/apps/iot_labb_i2c/esp32/build_contexts/build_ctx_655065916/deps/rpc-service-fs"
i2c: Checking out 2.11.0...
i2c: Done, hash 484728e39116c639efdc38433cacc5bbfe43514b
i2c: Hash unchanged at 484728e39116c639efdc38433cacc5bbfe43514b (dir "/fwbuild-volumes/2.11.0/apps/iot_labb_i2c/esp32/build_contexts/build_ctx_655065916/deps/i2c")
i2c: Prepared local dir: "/fwbuild-volumes/2.11.0/apps/iot_labb_i2c/esp32/build_contexts/build_ctx_655065916/deps/i2c"
rpc-service-config: Checking out 2.11.0...
rpc-service-config: Done, hash 8ceacef143f63104bf6b2ee2842358edf04bcce0
rpc-service-config: Hash unchanged at 8ceacef143f63104bf6b2ee2842358edf04bcce0 (dir "/fwbuild-volumes/2.11.0/apps/iot_labb_i2c/esp32/build_contexts/build_ctx_655065916/deps/rpc-service-config")
rpc-service-config: Prepared local dir: "/fwbuild-volumes/2.11.0/apps/iot_labb_i2c/esp32/build_contexts/build_ctx_655065916/deps/rpc-service-config"
Handling lib "rpc-common"...
rpc-common: Checking out 2.11.0...
rpc-common: Done, hash a20f1fa465aa440884fd67cf1fe9d66434829717
rpc-common: Hash unchanged at a20f1fa465aa440884fd67cf1fe9d66434829717 (dir "/fwbuild-volumes/2.11.0/apps/iot_labb_i2c/esp32/build_contexts/build_ctx_655065916/deps/rpc-common")
rpc-common: Prepared local dir: "/fwbuild-volumes/2.11.0/apps/iot_labb_i2c/esp32/build_contexts/build_ctx_655065916/deps/rpc-common"
Handling lib "mongoose"...
Handling lib "vfs-fs-lfs"...
Handling lib "vfs-fs-spiffs"...
vfs-fs-spiffs: Checking out 2.11.0...
vfs-fs-spiffs: Done, hash 17bc38527936dd8b5e7c38e8fa96a91c1a9d82fc
vfs-fs-spiffs: Hash unchanged at 17bc38527936dd8b5e7c38e8fa96a91c1a9d82fc (dir "/fwbuild-volumes/2.11.0/apps/iot_labb_i2c/esp32/build_contexts/build_ctx_655065916/deps/vfs-fs-spiffs")
vfs-fs-spiffs: Prepared local dir: "/fwbuild-volumes/2.11.0/apps/iot_labb_i2c/esp32/build_contexts/build_ctx_655065916/deps/vfs-fs-spiffs"
vfs-fs-lfs: Checking out 2.11.0...
vfs-fs-lfs: Done, hash d4659010ad2e635e85b128dfe59d3d341e3b6aa2
vfs-fs-lfs: Hash unchanged at d4659010ad2e635e85b128dfe59d3d341e3b6aa2 (dir "/fwbuild-volumes/2.11.0/apps/iot_labb_i2c/esp32/build_contexts/build_ctx_655065916/deps/vfs-fs-lfs")
vfs-fs-lfs: Prepared local dir: "/fwbuild-volumes/2.11.0/apps/iot_labb_i2c/esp32/build_contexts/build_ctx_655065916/deps/vfs-fs-lfs"
mongoose: Checking out 2.11.0...
mongoose: Done, hash 2fc5106f605eeec0817935647ca1d845958ffcc4
mongoose: Hash unchanged at 2fc5106f605eeec0817935647ca1d845958ffcc4 (dir "/fwbuild-volumes/2.11.0/apps/iot_labb_i2c/esp32/build_contexts/build_ctx_655065916/deps/mongoose")
mongoose: Prepared local dir: "/fwbuild-volumes/2.11.0/apps/iot_labb_i2c/esp32/build_contexts/build_ctx_655065916/deps/mongoose"
Handling lib "vfs-common"...
vfs-common: Checking out 2.11.0...
vfs-common: Done, hash 39eacd34462423ae67e2333612635499fc48e7dc
vfs-common: Hash unchanged at 39eacd34462423ae67e2333612635499fc48e7dc (dir "/fwbuild-volumes/2.11.0/apps/iot_labb_i2c/esp32/build_contexts/build_ctx_655065916/deps/vfs-common")
vfs-common: Prepared local dir: "/fwbuild-volumes/2.11.0/apps/iot_labb_i2c/esp32/build_contexts/build_ctx_655065916/deps/vfs-common"
Handling lib "mbedtls"...
mbedtls: Checking out 2.11.0...
mbedtls: Done, hash a7f78627ce516675b9b3b0f3c86970b1981e4c0f
mbedtls: Hash unchanged at a7f78627ce516675b9b3b0f3c86970b1981e4c0f (dir "/fwbuild-volumes/2.11.0/apps/iot_labb_i2c/esp32/build_contexts/build_ctx_655065916/deps/mbedtls")
mbedtls: Prepared local dir: "/fwbuild-volumes/2.11.0/apps/iot_labb_i2c/esp32/build_contexts/build_ctx_655065916/deps/mbedtls"
Handling lib "atca"...
atca: Checking out 2.11.0...
atca: Done, hash feaaa86656be4451b27325ea7b95346d017fc74e
atca: Hash unchanged at feaaa86656be4451b27325ea7b95346d017fc74e (dir "/fwbuild-volumes/2.11.0/apps/iot_labb_i2c/esp32/build_contexts/build_ctx_655065916/deps/atca")
atca: Prepared local dir: "/fwbuild-volumes/2.11.0/apps/iot_labb_i2c/esp32/build_contexts/build_ctx_655065916/deps/atca"
Handling lib "wifi"...
wifi: Checking out 2.11.0...
wifi: Done, hash 8e6147f50265feec0250b30be7bcb0f3b1ef456a
wifi: Hash unchanged at 8e6147f50265feec0250b30be7bcb0f3b1ef456a (dir "/fwbuild-volumes/2.11.0/apps/iot_labb_i2c/esp32/build_contexts/build_ctx_655065916/deps/wifi")
wifi: Prepared local dir: "/fwbuild-volumes/2.11.0/apps/iot_labb_i2c/esp32/build_contexts/build_ctx_655065916/deps/wifi"
The flag --module is not given for the module "mjs_module", going to use the repository
mjs_module: Checking out 2.11.0...
mjs_module: Done, hash 3f77ca59701628b7022776d4f8f547993b2cd358
The flag --repo is not given, going to use mongoose-os repository
mongoose-os: Checking out 2.11.0...
mongoose-os: Done, hash 640ebcb65829a7925e39bc80278de15ffd55c1f2
Prebuilt binary for "mbedtls" already exists at "/fwbuild-volumes/2.11.0/apps/iot_labb_i2c/esp32/build_contexts/build_ctx_655065916/build/objs/libmbedtls-esp32-2.11.0.a"
Prebuilt binary for "mongoose" already exists at "/fwbuild-volumes/2.11.0/apps/iot_labb_i2c/esp32/build_contexts/build_ctx_655065916/build/objs/libmongoose-esp32-2.11.0.a"
Sources: [/fwbuild-volumes/2.11.0/apps/iot_labb_i2c/esp32/build_contexts/build_ctx_655065916/src/main.c /fwbuild-volumes/2.11.0/apps/iot_labb_i2c/esp32/build_contexts/build_ctx_655065916/build/gen/mgos_deps_init.c /fwbuild-volumes/2.11.0/apps/iot_labb_i2c/esp32/build_contexts/build_ctx_655065916/deps/adc/esp32/src/esp32_adc.c /fwbuild-volumes/2.11.0/apps/iot_labb_i2c/esp32/build_contexts/build_ctx_655065916/deps/i2c/src/mgos_i2c_master.c /fwbuild-volumes/2.11.0/apps/iot_labb_i2c/esp32/build_contexts/build_ctx_655065916/deps/i2c/src/esp32/esp32_i2c_master.c /fwbuild-volumes/2.11.0/apps/iot_labb_i2c/esp32/build_contexts/build_ctx_655065916/deps/atca/src/mgos_atca.c /fwbuild-volumes/2.11.0/apps/iot_labb_i2c/esp32/build_contexts/build_ctx_655065916/deps/atca/cryptoauthlib/lib/atca_cfgs.c /fwbuild-volumes/2.11.0/apps/iot_labb_i2c/esp32/build_contexts/build_ctx_655065916/deps/atca/cryptoauthlib/lib/atca_command.c /fwbuild-volumes/2.11.0/apps/iot_labb_i2c/esp32/build_contexts/build_ctx_655065916/deps/atca/cryptoauthlib/lib/atca_device.c /fwbuild-volumes/2.11.0/apps/iot_labb_i2c/esp32/build_contexts/build_ctx_655065916/deps/atca/cryptoauthlib/lib/atca_iface.c /fwbuild-volumes/2.11.0/apps/iot_labb_i2c/esp32/build_contexts/build_ctx_655065916/deps/atca/cryptoauthlib/lib/basic/atca_basic.c /fwbuild-volumes/2.11.0/apps/iot_labb_i2c/esp32/build_contexts/build_ctx_655065916/deps/atca/cryptoauthlib/lib/basic/atca_helpers.c /fwbuild-volumes/2.11.0/apps/iot_labb_i2c/esp32/build_contexts/build_ctx_655065916/deps/atca/cryptoauthlib/lib/host/atca_host.c /fwbuild-volumes/2.11.0/apps/iot_labb_i2c/esp32/build_contexts/build_ctx_655065916/deps/vfs-common/src/mgos_vfs.c /fwbuild-volumes/2.11.0/apps/iot_labb_i2c/esp32/build_contexts/build_ctx_655065916/deps/vfs-common/src/mgos_vfs_dev.c /fwbuild-volumes/2.11.0/apps/iot_labb_i2c/esp32/build_contexts/build_ctx_655065916/deps/vfs-common/src/mgos_vfs_internal.c /fwbuild-volumes/2.11.0/apps/iot_labb_i2c/esp32/build_contexts/build_ctx_655065916/deps/vfs-common/src/esp32/esp32_fs.c /fwbuild-volumes/2.11.0/apps/iot_labb_i2c/esp32/build_contexts/build_ctx_655065916/deps/vfs-common/src/esp32/esp32_fs_crypt.c /fwbuild-volumes/2.11.0/apps/iot_labb_i2c/esp32/build_contexts/build_ctx_655065916/deps/vfs-common/src/esp32/esp32_vfs_dev_partition.c /fwbuild-volumes/2.11.0/apps/iot_labb_i2c/esp32/build_contexts/build_ctx_655065916/deps/vfs-fs-lfs/src/mgos_vfs_lfs.c /fwbuild-volumes/2.11.0/apps/iot_labb_i2c/esp32/build_contexts/build_ctx_655065916/deps/vfs-fs-lfs/src/littlefs/lfs.c /fwbuild-volumes/2.11.0/apps/iot_labb_i2c/esp32/build_contexts/build_ctx_655065916/deps/vfs-fs-lfs/src/littlefs/lfs_util.c /fwbuild-volumes/2.11.0/apps/iot_labb_i2c/esp32/build_contexts/build_ctx_655065916/deps/vfs-fs-spiffs/src/mgos_vfs_fs_spiffs.c /fwbuild-volumes/2.11.0/apps/iot_labb_i2c/esp32/build_contexts/build_ctx_655065916/deps/vfs-fs-spiffs/src/spiffs/spiffs_cache.c /fwbuild-volumes/2.11.0/apps/iot_labb_i2c/esp32/build_contexts/build_ctx_655065916/deps/vfs-fs-spiffs/src/spiffs/spiffs_check.c /fwbuild-volumes/2.11.0/apps/iot_labb_i2c/esp32/build_contexts/build_ctx_655065916/deps/vfs-fs-spiffs/src/spiffs/spiffs_gc.c /fwbuild-volumes/2.11.0/apps/iot_labb_i2c/esp32/build_contexts/build_ctx_655065916/deps/vfs-fs-spiffs/src/spiffs/spiffs_hydrogen.c /fwbuild-volumes/2.11.0/apps/iot_labb_i2c/esp32/build_contexts/build_ctx_655065916/deps/vfs-fs-spiffs/src/spiffs/spiffs_nucleus.c /fwbuild-volumes/2.11.0/apps/iot_labb_i2c/esp32/build_contexts/build_ctx_655065916/deps/core/src/mgos_core.c /fwbuild-volumes/2.11.0/apps/iot_labb_i2c/esp32/build_contexts/build_ctx_655065916/deps/mjs/src/mos_mjs.c /fwbuild-volumes/2.11.0/apps/iot_labb_i2c/esp32/build_contexts/build_ctx_655065916/deps/modules/mjs/mjs.c /fwbuild-volumes/2.11.0/apps/iot_labb_i2c/esp32/build_contexts/build_ctx_655065916/deps/mjs/esp32/src/esp32_mjs.c /fwbuild-volumes/2.11.0/apps/iot_labb_i2c/esp32/build_contexts/build_ctx_655065916/deps/pwm/src/mgos_pwm.c /fwbuild-volumes/2.11.0/apps/iot_labb_i2c/esp32/build_contexts/build_ctx_655065916/deps/pwm/src/mgos_pwm_rgb_led.c /fwbuild-volumes/2.11.0/apps/iot_labb_i2c/esp32/build_contexts/build_ctx_655065916/deps/pwm/src/esp32/esp32_pwm.c /fwbuild-volumes/2.11.0/apps/iot_labb_i2c/esp32/build_contexts/build_ctx_655065916/deps/rpc-common/src/mg_rpc.c /fwbuild-volumes/2.11.0/apps/iot_labb_i2c/esp32/build_contexts/build_ctx_655065916/deps/rpc-common/src/mg_rpc_channel.c /fwbuild-volumes/2.11.0/apps/iot_labb_i2c/esp32/build_contexts/build_ctx_655065916/deps/rpc-common/src/mg_rpc_channel_http.c /fwbuild-volumes/2.11.0/apps/iot_labb_i2c/esp32/build_contexts/build_ctx_655065916/deps/rpc-common/src/mgos_rpc.c /fwbuild-volumes/2.11.0/apps/iot_labb_i2c/esp32/build_contexts/build_ctx_655065916/deps/rpc-service-config/src/mgos_service_config.c /fwbuild-volumes/2.11.0/apps/iot_labb_i2c/esp32/build_contexts/build_ctx_655065916/deps/rpc-service-fs/src/mgos_service_filesystem.c /fwbuild-volumes/2.11.0/apps/iot_labb_i2c/esp32/build_contexts/build_ctx_655065916/deps/rpc-uart/src/mgos_rpc_channel_uart.c /fwbuild-volumes/2.11.0/apps/iot_labb_i2c/esp32/build_contexts/build_ctx_655065916/deps/wifi/src/mgos_wifi.c /fwbuild-volumes/2.11.0/apps/iot_labb_i2c/esp32/build_contexts/build_ctx_655065916/deps/wifi/src/mjs_wifi.c /fwbuild-volumes/2.11.0/apps/iot_labb_i2c/esp32/build_contexts/build_ctx_655065916/deps/wifi/esp32/src/esp32_wifi.c]
Include dirs: [/fwbuild-volumes/2.11.0/apps/iot_labb_i2c/esp32/build_contexts/build_ctx_655065916/deps/adc/include /fwbuild-volumes/2.11.0/apps/iot_labb_i2c/esp32/build_contexts/build_ctx_655065916/deps/i2c/include /fwbuild-volumes/2.11.0/apps/iot_labb_i2c/esp32/build_contexts/build_ctx_655065916/deps/atca/include /fwbuild-volumes/2.11.0/apps/iot_labb_i2c/esp32/build_contexts/build_ctx_655065916/deps/atca/cryptoauthlib/lib /fwbuild-volumes/2.11.0/apps/iot_labb_i2c/esp32/build_contexts/build_ctx_655065916/deps/mbedtls/include /fwbuild-volumes/2.11.0/apps/iot_labb_i2c/esp32/build_contexts/build_ctx_655065916/deps/mbedtls/include/esp32 /fwbuild-volumes/2.11.0/apps/iot_labb_i2c/esp32/build_contexts/build_ctx_655065916/deps/mbedtls/mbedtls/include /fwbuild-volumes/2.11.0/apps/iot_labb_i2c/esp32/build_contexts/build_ctx_655065916/deps/vfs-common/include /fwbuild-volumes/2.11.0/apps/iot_labb_i2c/esp32/build_contexts/build_ctx_655065916/deps/vfs-common/include/esp32 /fwbuild-volumes/2.11.0/apps/iot_labb_i2c/esp32/build_contexts/build_ctx_655065916/deps/mongoose/include /fwbuild-volumes/2.11.0/apps/iot_labb_i2c/esp32/build_contexts/build_ctx_655065916/deps/vfs-fs-lfs/include /fwbuild-volumes/2.11.0/apps/iot_labb_i2c/esp32/build_contexts/build_ctx_655065916/deps/vfs-fs-spiffs/include /fwbuild-volumes/2.11.0/apps/iot_labb_i2c/esp32/build_contexts/build_ctx_655065916/deps/vfs-fs-spiffs/include/spiffs /fwbuild-volumes/2.11.0/apps/iot_labb_i2c/esp32/build_contexts/build_ctx_655065916/deps/vfs-fs-spiffs/include/esp32 /fwbuild-volumes/2.11.0/apps/iot_labb_i2c/esp32/build_contexts/build_ctx_655065916/deps/core/include /fwbuild-volumes/2.11.0/apps/iot_labb_i2c/esp32/build_contexts/build_ctx_655065916/deps/core/include/esp32 /fwbuild-volumes/2.11.0/apps/iot_labb_i2c/esp32/build_contexts/build_ctx_655065916/deps/mjs/include /fwbuild-volumes/2.11.0/apps/iot_labb_i2c/esp32/build_contexts/build_ctx_655065916/deps/pwm/include /fwbuild-volumes/2.11.0/apps/iot_labb_i2c/esp32/build_contexts/build_ctx_655065916/deps/rpc-common/include /fwbuild-volumes/2.11.0/apps/iot_labb_i2c/esp32/build_contexts/build_ctx_655065916/deps/rpc-service-config/include /fwbuild-volumes/2.11.0/apps/iot_labb_i2c/esp32/build_contexts/build_ctx_655065916/deps/rpc-service-fs/include /fwbuild-volumes/2.11.0/apps/iot_labb_i2c/esp32/build_contexts/build_ctx_655065916/deps/rpc-uart/include /fwbuild-volumes/2.11.0/apps/iot_labb_i2c/esp32/build_contexts/build_ctx_655065916/deps/wifi/include /fwbuild-volumes/2.11.0/apps/iot_labb_i2c/esp32/build_contexts/build_ctx_655065916/deps/wifi/esp32/include]
Binary libs: [/fwbuild-volumes/2.11.0/apps/iot_labb_i2c/esp32/build_contexts/build_ctx_655065916/build/objs/libmbedtls-esp32-2.11.0.a /fwbuild-volumes/2.11.0/apps/iot_labb_i2c/esp32/build_contexts/build_ctx_655065916/build/objs/libmongoose-esp32-2.11.0.a]
Building...
mount from "/fwbuild-volumes/2.11.0/apps/iot_labb_i2c/esp32/build_contexts/build_ctx_655065916" to "/app"
mount from "/fwbuild-volumes/2.11.0/apps/iot_labb_i2c/esp32/build_contexts/build_ctx_655065916/deps/modules/mongoose-os" to "/mongoose-os"
mount from "/fwbuild-volumes/2.11.0/apps/iot_labb_i2c/esp32/build_contexts/build_ctx_655065916/deps/modules/mongoose-os" to "/fwbuild-volumes/2.11.0/apps/iot_labb_i2c/esp32/build_contexts/build_ctx_655065916/deps/modules/mongoose-os"
mount from "/fwbuild-volumes/2.11.0/apps/iot_labb_i2c/esp32/build_contexts/build_ctx_655065916/build" to "/fwbuild-volumes/2.11.0/apps/iot_labb_i2c/esp32/build_contexts/build_ctx_655065916/build"
mount from "/fwbuild-volumes/2.11.0/apps/iot_labb_i2c/esp32/build_contexts/build_ctx_655065916/src" to "/fwbuild-volumes/2.11.0/apps/iot_labb_i2c/esp32/build_contexts/build_ctx_655065916/src"
mount from "/fwbuild-volumes/2.11.0/apps/iot_labb_i2c/esp32/build_contexts/build_ctx_655065916/build/gen" to "/fwbuild-volumes/2.11.0/apps/iot_labb_i2c/esp32/build_contexts/build_ctx_655065916/build/gen"
mount from "/fwbuild-volumes/2.11.0/apps/iot_labb_i2c/esp32/build_contexts/build_ctx_655065916/deps/adc/esp32/src" to "/fwbuild-volumes/2.11.0/apps/iot_labb_i2c/esp32/build_contexts/build_ctx_655065916/deps/adc/esp32/src"
mount from "/fwbuild-volumes/2.11.0/apps/iot_labb_i2c/esp32/build_contexts/build_ctx_655065916/deps/i2c/src" to "/fwbuild-volumes/2.11.0/apps/iot_labb_i2c/esp32/build_contexts/build_ctx_655065916/deps/i2c/src"
mount from "/fwbuild-volumes/2.11.0/apps/iot_labb_i2c/esp32/build_contexts/build_ctx_655065916/deps/i2c/src/esp32" to "/fwbuild-volumes/2.11.0/apps/iot_labb_i2c/esp32/build_contexts/build_ctx_655065916/deps/i2c/src/esp32"
mount from "/fwbuild-volumes/2.11.0/apps/iot_labb_i2c/esp32/build_contexts/build_ctx_655065916/deps/atca/src" to "/fwbuild-volumes/2.11.0/apps/iot_labb_i2c/esp32/build_contexts/build_ctx_655065916/deps/atca/src"
mount from "/fwbuild-volumes/2.11.0/apps/iot_labb_i2c/esp32/build_contexts/build_ctx_655065916/deps/atca/cryptoauthlib/lib" to "/fwbuild-volumes/2.11.0/apps/iot_labb_i2c/esp32/build_contexts/build_ctx_655065916/deps/atca/cryptoauthlib/lib"
mount from "/fwbuild-volumes/2.11.0/apps/iot_labb_i2c/esp32/build_contexts/build_ctx_655065916/deps/atca/cryptoauthlib/lib/basic" to "/fwbuild-volumes/2.11.0/apps/iot_labb_i2c/esp32/build_contexts/build_ctx_655065916/deps/atca/cryptoauthlib/lib/basic"
mount from "/fwbuild-volumes/2.11.0/apps/iot_labb_i2c/esp32/build_contexts/build_ctx_655065916/deps/atca/cryptoauthlib/lib/crypto" to "/fwbuild-volumes/2.11.0/apps/iot_labb_i2c/esp32/build_contexts/build_ctx_655065916/deps/atca/cryptoauthlib/lib/crypto"
mount from "/fwbuild-volumes/2.11.0/apps/iot_labb_i2c/esp32/build_contexts/build_ctx_655065916/deps/atca/cryptoauthlib/lib/hal" to "/fwbuild-volumes/2.11.0/apps/iot_labb_i2c/esp32/build_contexts/build_ctx_655065916/deps/atca/cryptoauthlib/lib/hal"
mount from "/fwbuild-volumes/2.11.0/apps/iot_labb_i2c/esp32/build_contexts/build_ctx_655065916/deps/atca/cryptoauthlib/lib/host" to "/fwbuild-volumes/2.11.0/apps/iot_labb_i2c/esp32/build_contexts/build_ctx_655065916/deps/atca/cryptoauthlib/lib/host"
mount from "/fwbuild-volumes/2.11.0/apps/iot_labb_i2c/esp32/build_contexts/build_ctx_655065916/deps/vfs-common/src" to "/fwbuild-volumes/2.11.0/apps/iot_labb_i2c/esp32/build_contexts/build_ctx_655065916/deps/vfs-common/src"
mount from "/fwbuild-volumes/2.11.0/apps/iot_labb_i2c/esp32/build_contexts/build_ctx_655065916/deps/vfs-common/src/esp32" to "/fwbuild-volumes/2.11.0/apps/iot_labb_i2c/esp32/build_contexts/build_ctx_655065916/deps/vfs-common/src/esp32"
mount from "/fwbuild-volumes/2.11.0/apps/iot_labb_i2c/esp32/build_contexts/build_ctx_655065916/deps/vfs-fs-lfs/src" to "/fwbuild-volumes/2.11.0/apps/iot_labb_i2c/esp32/build_contexts/build_ctx_655065916/deps/vfs-fs-lfs/src"
mount from "/fwbuild-volumes/2.11.0/apps/iot_labb_i2c/esp32/build_contexts/build_ctx_655065916/deps/vfs-fs-lfs/src/littlefs" to "/fwbuild-volumes/2.11.0/apps/iot_labb_i2c/esp32/build_contexts/build_ctx_655065916/deps/vfs-fs-lfs/src/littlefs"
mount from "/fwbuild-volumes/2.11.0/apps/iot_labb_i2c/esp32/build_contexts/build_ctx_655065916/deps/vfs-fs-spiffs/src" to "/fwbuild-volumes/2.11.0/apps/iot_labb_i2c/esp32/build_contexts/build_ctx_655065916/deps/vfs-fs-spiffs/src"
mount from "/fwbuild-volumes/2.11.0/apps/iot_labb_i2c/esp32/build_contexts/build_ctx_655065916/deps/vfs-fs-spiffs/src/spiffs" to "/fwbuild-volumes/2.11.0/apps/iot_labb_i2c/esp32/build_contexts/build_ctx_655065916/deps/vfs-fs-spiffs/src/spiffs"
mount from "/fwbuild-volumes/2.11.0/apps/iot_labb_i2c/esp32/build_contexts/build_ctx_655065916/deps/core/src" to "/fwbuild-volumes/2.11.0/apps/iot_labb_i2c/esp32/build_contexts/build_ctx_655065916/deps/core/src"
mount from "/fwbuild-volumes/2.11.0/apps/iot_labb_i2c/esp32/build_contexts/build_ctx_655065916/deps/mjs/src" to "/fwbuild-volumes/2.11.0/apps/iot_labb_i2c/esp32/build_contexts/build_ctx_655065916/deps/mjs/src"
mount from "/fwbuild-volumes/2.11.0/apps/iot_labb_i2c/esp32/build_contexts/build_ctx_655065916/deps/modules/mjs" to "/fwbuild-volumes/2.11.0/apps/iot_labb_i2c/esp32/build_contexts/build_ctx_655065916/deps/modules/mjs"
mount from "/fwbuild-volumes/2.11.0/apps/iot_labb_i2c/esp32/build_contexts/build_ctx_655065916/deps/mjs/esp32/src" to "/fwbuild-volumes/2.11.0/apps/iot_labb_i2c/esp32/build_contexts/build_ctx_655065916/deps/mjs/esp32/src"
mount from "/fwbuild-volumes/2.11.0/apps/iot_labb_i2c/esp32/build_contexts/build_ctx_655065916/deps/pwm/src" to "/fwbuild-volumes/2.11.0/apps/iot_labb_i2c/esp32/build_contexts/build_ctx_655065916/deps/pwm/src"
mount from "/fwbuild-volumes/2.11.0/apps/iot_labb_i2c/esp32/build_contexts/build_ctx_655065916/deps/pwm/src/esp32" to "/fwbuild-volumes/2.11.0/apps/iot_labb_i2c/esp32/build_contexts/build_ctx_655065916/deps/pwm/src/esp32"
mount from "/fwbuild-volumes/2.11.0/apps/iot_labb_i2c/esp32/build_contexts/build_ctx_655065916/deps/rpc-common/src" to "/fwbuild-volumes/2.11.0/apps/iot_labb_i2c/esp32/build_contexts/build_ctx_655065916/deps/rpc-common/src"
mount from "/fwbuild-volumes/2.11.0/apps/iot_labb_i2c/esp32/build_contexts/build_ctx_655065916/deps/rpc-service-config/src" to "/fwbuild-volumes/2.11.0/apps/iot_labb_i2c/esp32/build_contexts/build_ctx_655065916/deps/rpc-service-config/src"
mount from "/fwbuild-volumes/2.11.0/apps/iot_labb_i2c/esp32/build_contexts/build_ctx_655065916/deps/rpc-service-fs/src" to "/fwbuild-volumes/2.11.0/apps/iot_labb_i2c/esp32/build_contexts/build_ctx_655065916/deps/rpc-service-fs/src"
mount from "/fwbuild-volumes/2.11.0/apps/iot_labb_i2c/esp32/build_contexts/build_ctx_655065916/deps/rpc-uart/src" to "/fwbuild-volumes/2.11.0/apps/iot_labb_i2c/esp32/build_contexts/build_ctx_655065916/deps/rpc-uart/src"
mount from "/fwbuild-volumes/2.11.0/apps/iot_labb_i2c/esp32/build_contexts/build_ctx_655065916/deps/wifi/src" to "/fwbuild-volumes/2.11.0/apps/iot_labb_i2c/esp32/build_contexts/build_ctx_655065916/deps/wifi/src"
mount from "/fwbuild-volumes/2.11.0/apps/iot_labb_i2c/esp32/build_contexts/build_ctx_655065916/deps/wifi/esp32/src" to "/fwbuild-volumes/2.11.0/apps/iot_labb_i2c/esp32/build_contexts/build_ctx_655065916/deps/wifi/esp32/src"
mount from "/fwbuild-volumes/2.11.0/apps/iot_labb_i2c/esp32/build_contexts/build_ctx_655065916/deps/adc/include" to "/fwbuild-volumes/2.11.0/apps/iot_labb_i2c/esp32/build_contexts/build_ctx_655065916/deps/adc/include"
mount from "/fwbuild-volumes/2.11.0/apps/iot_labb_i2c/esp32/build_contexts/build_ctx_655065916/deps/i2c/include" to "/fwbuild-volumes/2.11.0/apps/iot_labb_i2c/esp32/build_contexts/build_ctx_655065916/deps/i2c/include"
mount from "/fwbuild-volumes/2.11.0/apps/iot_labb_i2c/esp32/build_contexts/build_ctx_655065916/deps/atca/include" to "/fwbuild-volumes/2.11.0/apps/iot_labb_i2c/esp32/build_contexts/build_ctx_655065916/deps/atca/include"
mount from "/fwbuild-volumes/2.11.0/apps/iot_labb_i2c/esp32/build_contexts/build_ctx_655065916/deps/atca/cryptoauthlib/lib" to "/fwbuild-volumes/2.11.0/apps/iot_labb_i2c/esp32/build_contexts/build_ctx_655065916/deps/atca/cryptoauthlib/lib"
mount from "/fwbuild-volumes/2.11.0/apps/iot_labb_i2c/esp32/build_contexts/build_ctx_655065916/deps/mbedtls/include" to "/fwbuild-volumes/2.11.0/apps/iot_labb_i2c/esp32/build_contexts/build_ctx_655065916/deps/mbedtls/include"
mount from "/fwbuild-volumes/2.11.0/apps/iot_labb_i2c/esp32/build_contexts/build_ctx_655065916/deps/mbedtls/include/esp32" to "/fwbuild-volumes/2.11.0/apps/iot_labb_i2c/esp32/build_contexts/build_ctx_655065916/deps/mbedtls/include/esp32"
mount from "/fwbuild-volumes/2.11.0/apps/iot_labb_i2c/esp32/build_contexts/build_ctx_655065916/deps/mbedtls/mbedtls/include" to "/fwbuild-volumes/2.11.0/apps/iot_labb_i2c/esp32/build_contexts/build_ctx_655065916/deps/mbedtls/mbedtls/include"
mount from "/fwbuild-volumes/2.11.0/apps/iot_labb_i2c/esp32/build_contexts/build_ctx_655065916/deps/vfs-common/include" to "/fwbuild-volumes/2.11.0/apps/iot_labb_i2c/esp32/build_contexts/build_ctx_655065916/deps/vfs-common/include"
mount from "/fwbuild-volumes/2.11.0/apps/iot_labb_i2c/esp32/build_contexts/build_ctx_655065916/deps/vfs-common/include/esp32" to "/fwbuild-volumes/2.11.0/apps/iot_labb_i2c/esp32/build_contexts/build_ctx_655065916/deps/vfs-common/include/esp32"
mount from "/fwbuild-volumes/2.11.0/apps/iot_labb_i2c/esp32/build_contexts/build_ctx_655065916/deps/mongoose/include" to "/fwbuild-volumes/2.11.0/apps/iot_labb_i2c/esp32/build_contexts/build_ctx_655065916/deps/mongoose/include"
mount from "/fwbuild-volumes/2.11.0/apps/iot_labb_i2c/esp32/build_contexts/build_ctx_655065916/deps/vfs-fs-lfs/include" to "/fwbuild-volumes/2.11.0/apps/iot_labb_i2c/esp32/build_contexts/build_ctx_655065916/deps/vfs-fs-lfs/include"
mount from "/fwbuild-volumes/2.11.0/apps/iot_labb_i2c/esp32/build_contexts/build_ctx_655065916/deps/vfs-fs-spiffs/include" to "/fwbuild-volumes/2.11.0/apps/iot_labb_i2c/esp32/build_contexts/build_ctx_655065916/deps/vfs-fs-spiffs/include"
mount from "/fwbuild-volumes/2.11.0/apps/iot_labb_i2c/esp32/build_contexts/build_ctx_655065916/deps/vfs-fs-spiffs/include/spiffs" to "/fwbuild-volumes/2.11.0/apps/iot_labb_i2c/esp32/build_contexts/build_ctx_655065916/deps/vfs-fs-spiffs/include/spiffs"
mount from "/fwbuild-volumes/2.11.0/apps/iot_labb_i2c/esp32/build_contexts/build_ctx_655065916/deps/vfs-fs-spiffs/include/esp32" to "/fwbuild-volumes/2.11.0/apps/iot_labb_i2c/esp32/build_contexts/build_ctx_655065916/deps/vfs-fs-spiffs/include/esp32"
mount from "/fwbuild-volumes/2.11.0/apps/iot_labb_i2c/esp32/build_contexts/build_ctx_655065916/deps/core/include" to "/fwbuild-volumes/2.11.0/apps/iot_labb_i2c/esp32/build_contexts/build_ctx_655065916/deps/core/include"
mount from "/fwbuild-volumes/2.11.0/apps/iot_labb_i2c/esp32/build_contexts/build_ctx_655065916/deps/mjs/include" to "/fwbuild-volumes/2.11.0/apps/iot_labb_i2c/esp32/build_contexts/build_ctx_655065916/deps/mjs/include"
mount from "/fwbuild-volumes/2.11.0/apps/iot_labb_i2c/esp32/build_contexts/build_ctx_655065916/deps/pwm/include" to "/fwbuild-volumes/2.11.0/apps/iot_labb_i2c/esp32/build_contexts/build_ctx_655065916/deps/pwm/include"
mount from "/fwbuild-volumes/2.11.0/apps/iot_labb_i2c/esp32/build_contexts/build_ctx_655065916/deps/rpc-common/include" to "/fwbuild-volumes/2.11.0/apps/iot_labb_i2c/esp32/build_contexts/build_ctx_655065916/deps/rpc-common/include"
mount from "/fwbuild-volumes/2.11.0/apps/iot_labb_i2c/esp32/build_contexts/build_ctx_655065916/deps/rpc-service-config/include" to "/fwbuild-volumes/2.11.0/apps/iot_labb_i2c/esp32/build_contexts/build_ctx_655065916/deps/rpc-service-config/include"
mount from "/fwbuild-volumes/2.11.0/apps/iot_labb_i2c/esp32/build_contexts/build_ctx_655065916/deps/rpc-service-fs/include" to "/fwbuild-volumes/2.11.0/apps/iot_labb_i2c/esp32/build_contexts/build_ctx_655065916/deps/rpc-service-fs/include"
mount from "/fwbuild-volumes/2.11.0/apps/iot_labb_i2c/esp32/build_contexts/build_ctx_655065916/deps/rpc-uart/include" to "/fwbuild-volumes/2.11.0/apps/iot_labb_i2c/esp32/build_contexts/build_ctx_655065916/deps/rpc-uart/include"
mount from "/fwbuild-volumes/2.11.0/apps/iot_labb_i2c/esp32/build_contexts/build_ctx_655065916/deps/wifi/include" to "/fwbuild-volumes/2.11.0/apps/iot_labb_i2c/esp32/build_contexts/build_ctx_655065916/deps/wifi/include"
mount from "/fwbuild-volumes/2.11.0/apps/iot_labb_i2c/esp32/build_contexts/build_ctx_655065916/deps/wifi/esp32/include" to "/fwbuild-volumes/2.11.0/apps/iot_labb_i2c/esp32/build_contexts/build_ctx_655065916/deps/wifi/esp32/include"
mount from "/fwbuild-volumes/2.11.0/apps/iot_labb_i2c/esp32/build_contexts/build_ctx_655065916/deps/ca-bundle/fs" to "/fwbuild-volumes/2.11.0/apps/iot_labb_i2c/esp32/build_contexts/build_ctx_655065916/deps/ca-bundle/fs"
mount from "/fwbuild-volumes/2.11.0/apps/iot_labb_i2c/esp32/build_contexts/build_ctx_655065916/deps/mjs/fs" to "/fwbuild-volumes/2.11.0/apps/iot_labb_i2c/esp32/build_contexts/build_ctx_655065916/deps/mjs/fs"
mount from "/fwbuild-volumes/2.11.0/apps/iot_labb_i2c/esp32/build_contexts/build_ctx_655065916/deps/modules/mjs/mjs/lib" to "/fwbuild-volumes/2.11.0/apps/iot_labb_i2c/esp32/build_contexts/build_ctx_655065916/deps/modules/mjs/mjs/lib"
mount from "/fwbuild-volumes/2.11.0/apps/iot_labb_i2c/esp32/build_contexts/build_ctx_655065916/deps/adc/mjs_fs" to "/fwbuild-volumes/2.11.0/apps/iot_labb_i2c/esp32/build_contexts/build_ctx_655065916/deps/adc/mjs_fs"
mount from "/fwbuild-volumes/2.11.0/apps/iot_labb_i2c/esp32/build_contexts/build_ctx_655065916/deps/i2c/mjs_fs" to "/fwbuild-volumes/2.11.0/apps/iot_labb_i2c/esp32/build_contexts/build_ctx_655065916/deps/i2c/mjs_fs"
mount from "/fwbuild-volumes/2.11.0/apps/iot_labb_i2c/esp32/build_contexts/build_ctx_655065916/deps/pwm/mjs_fs" to "/fwbuild-volumes/2.11.0/apps/iot_labb_i2c/esp32/build_contexts/build_ctx_655065916/deps/pwm/mjs_fs"
mount from "/fwbuild-volumes/2.11.0/apps/iot_labb_i2c/esp32/build_contexts/build_ctx_655065916/deps/rpc-common/mjs_fs" to "/fwbuild-volumes/2.11.0/apps/iot_labb_i2c/esp32/build_contexts/build_ctx_655065916/deps/rpc-common/mjs_fs"
mount from "/fwbuild-volumes/2.11.0/apps/iot_labb_i2c/esp32/build_contexts/build_ctx_655065916/deps/wifi/mjs_fs" to "/fwbuild-volumes/2.11.0/apps/iot_labb_i2c/esp32/build_contexts/build_ctx_655065916/deps/wifi/mjs_fs"
mount from "/fwbuild-volumes/2.11.0/apps/iot_labb_i2c/esp32/build_contexts/build_ctx_655065916/deps/mjs/esp32/fs" to "/fwbuild-volumes/2.11.0/apps/iot_labb_i2c/esp32/build_contexts/build_ctx_655065916/deps/mjs/esp32/fs"
mount from "/fwbuild-volumes/2.11.0/apps/iot_labb_i2c/esp32/build_contexts/build_ctx_655065916/fs" to "/fwbuild-volumes/2.11.0/apps/iot_labb_i2c/esp32/build_contexts/build_ctx_655065916/fs"
mount from "/fwbuild-volumes/2.11.0/apps/iot_labb_i2c/esp32/build_contexts/build_ctx_655065916/build/objs" to "/fwbuild-volumes/2.11.0/apps/iot_labb_i2c/esp32/build_contexts/build_ctx_655065916/build/objs"
mount from "/fwbuild-volumes/2.11.0/apps/iot_labb_i2c/esp32/build_contexts/build_ctx_655065916/build/objs" to "/fwbuild-volumes/2.11.0/apps/iot_labb_i2c/esp32/build_contexts/build_ctx_655065916/build/objs"
mount from "/fwbuild-volumes/2.11.0/apps/iot_labb_i2c/esp32/build_contexts/build_ctx_655065916/build/gen" to "/fwbuild-volumes/2.11.0/apps/iot_labb_i2c/esp32/build_contexts/build_ctx_655065916/build/gen"
Docker arguments: run --name mos_build_2019-01-31T10-08-50-00_460058002740176956 --rm -i -v /fwbuild-volumes/2.11.0/apps/iot_labb_i2c/esp32/build_contexts/build_ctx_655065916/deps/vfs-fs-spiffs/src:/fwbuild-volumes/2.11.0/apps/iot_labb_i2c/esp32/build_contexts/build_ctx_655065916/deps/vfs-fs-spiffs/src -v /fwbuild-volumes/2.11.0/apps/iot_labb_i2c/esp32/build_contexts/build_ctx_655065916/deps/vfs-fs-spiffs/src/spiffs:/fwbuild-volumes/2.11.0/apps/iot_labb_i2c/esp32/build_contexts/build_ctx_655065916/deps/vfs-fs-spiffs/src/spiffs -v /fwbuild-volumes/2.11.0/apps/iot_labb_i2c/esp32/build_contexts/build_ctx_655065916/deps/mjs/src:/fwbuild-volumes/2.11.0/apps/iot_labb_i2c/esp32/build_contexts/build_ctx_655065916/deps/mjs/src -v /fwbuild-volumes/2.11.0/apps/iot_labb_i2c/esp32/build_contexts/build_ctx_655065916/deps/modules/mjs:/fwbuild-volumes/2.11.0/apps/iot_labb_i2c/esp32/build_contexts/build_ctx_655065916/deps/modules/mjs -v /fwbuild-volumes/2.11.0/apps/iot_labb_i2c/esp32/build_contexts/build_ctx_655065916/deps/vfs-common/include:/fwbuild-volumes/2.11.0/apps/iot_labb_i2c/esp32/build_contexts/build_ctx_655065916/deps/vfs-common/include -v /fwbuild-volumes/2.11.0/apps/iot_labb_i2c/esp32/build_contexts/build_ctx_655065916/deps/vfs-common/include/esp32:/fwbuild-volumes/2.11.0/apps/iot_labb_i2c/esp32/build_contexts/build_ctx_655065916/deps/vfs-common/include/esp32 -v /fwbuild-volumes/2.11.0/apps/iot_labb_i2c/esp32/build_contexts/build_ctx_655065916/deps/ca-bundle/fs:/fwbuild-volumes/2.11.0/apps/iot_labb_i2c/esp32/build_contexts/build_ctx_655065916/deps/ca-bundle/fs -v /fwbuild-volumes/2.11.0/apps/iot_labb_i2c/esp32/build_contexts/build_ctx_655065916/src:/fwbuild-volumes/2.11.0/apps/iot_labb_i2c/esp32/build_contexts/build_ctx_655065916/src -v /fwbuild-volumes/2.11.0/apps/iot_labb_i2c/esp32/build_contexts/build_ctx_655065916/deps/atca/src:/fwbuild-volumes/2.11.0/apps/iot_labb_i2c/esp32/build_contexts/build_ctx_655065916/deps/atca/src -v /fwbuild-volumes/2.11.0/apps/iot_labb_i2c/esp32/build_contexts/build_ctx_655065916/deps/vfs-fs-spiffs/include:/fwbuild-volumes/2.11.0/apps/iot_labb_i2c/esp32/build_contexts/build_ctx_655065916/deps/vfs-fs-spiffs/include -v /fwbuild-volumes/2.11.0/apps/iot_labb_i2c/esp32/build_contexts/build_ctx_655065916/deps/vfs-fs-spiffs/include/spiffs:/fwbuild-volumes/2.11.0/apps/iot_labb_i2c/esp32/build_contexts/build_ctx_655065916/deps/vfs-fs-spiffs/include/spiffs -v /fwbuild-volumes/2.11.0/apps/iot_labb_i2c/esp32/build_contexts/build_ctx_655065916/deps/mjs/include:/fwbuild-volumes/2.11.0/apps/iot_labb_i2c/esp32/build_contexts/build_ctx_655065916/deps/mjs/include -v /fwbuild-volumes/2.11.0/apps/iot_labb_i2c/esp32/build_contexts/build_ctx_655065916/deps/mjs/esp32/fs:/fwbuild-volumes/2.11.0/apps/iot_labb_i2c/esp32/build_contexts/build_ctx_655065916/deps/mjs/esp32/fs -v /fwbuild-volumes/2.11.0/apps/iot_labb_i2c/esp32/build_contexts/build_ctx_655065916/deps/vfs-common/src/esp32:/fwbuild-volumes/2.11.0/apps/iot_labb_i2c/esp32/build_contexts/build_ctx_655065916/deps/vfs-common/src/esp32 -v /fwbuild-volumes/2.11.0/apps/iot_labb_i2c/esp32/build_contexts/build_ctx_655065916/deps/pwm/src/esp32:/fwbuild-volumes/2.11.0/apps/iot_labb_i2c/esp32/build_contexts/build_ctx_655065916/deps/pwm/src/esp32 -v /fwbuild-volumes/2.11.0/apps/iot_labb_i2c/esp32/build_contexts/build_ctx_655065916/deps/wifi/esp32/src:/fwbuild-volumes/2.11.0/apps/iot_labb_i2c/esp32/build_contexts/build_ctx_655065916/deps/wifi/esp32/src -v /fwbuild-volumes/2.11.0/apps/iot_labb_i2c/esp32/build_contexts/build_ctx_655065916/deps/wifi/esp32/include:/fwbuild-volumes/2.11.0/apps/iot_labb_i2c/esp32/build_contexts/build_ctx_655065916/deps/wifi/esp32/include -v /fwbuild-volumes/2.11.0/apps/iot_labb_i2c/esp32/build_contexts/build_ctx_655065916/build/gen:/fwbuild-volumes/2.11.0/apps/iot_labb_i2c/esp32/build_contexts/build_ctx_655065916/build/gen -v /fwbuild-volumes/2.11.0/apps/iot_labb_i2c/esp32/build_contexts/build_ctx_655065916/deps/atca/cryptoauthlib/lib/crypto:/fwbuild-volumes/2.11.0/apps/iot_labb_i2c/esp32/build_contexts/build_ctx_655065916/deps/atca/cryptoauthlib/lib/crypto -v /fwbuild-volumes/2.11.0/apps/iot_labb_i2c/esp32/build_contexts/build_ctx_655065916/deps/mongoose/include:/fwbuild-volumes/2.11.0/apps/iot_labb_i2c/esp32/build_contexts/build_ctx_655065916/deps/mongoose/include -v /fwbuild-volumes/2.11.0/apps/iot_labb_i2c/esp32/build_contexts/build_ctx_655065916/deps/pwm/include:/fwbuild-volumes/2.11.0/apps/iot_labb_i2c/esp32/build_contexts/build_ctx_655065916/deps/pwm/include -v /fwbuild-volumes/2.11.0/apps/iot_labb_i2c/esp32/build_contexts/build_ctx_655065916/build/objs:/fwbuild-volumes/2.11.0/apps/iot_labb_i2c/esp32/build_contexts/build_ctx_655065916/build/objs -v /fwbuild-volumes/2.11.0/apps/iot_labb_i2c/esp32/build_contexts/build_ctx_655065916/deps/i2c/src/esp32:/fwbuild-volumes/2.11.0/apps/iot_labb_i2c/esp32/build_contexts/build_ctx_655065916/deps/i2c/src/esp32 -v /fwbuild-volumes/2.11.0/apps/iot_labb_i2c/esp32/build_contexts/build_ctx_655065916/deps/mjs/esp32/src:/fwbuild-volumes/2.11.0/apps/iot_labb_i2c/esp32/build_contexts/build_ctx_655065916/deps/mjs/esp32/src -v /fwbuild-volumes/2.11.0/apps/iot_labb_i2c/esp32/build_contexts/build_ctx_655065916/deps/rpc-uart/src:/fwbuild-volumes/2.11.0/apps/iot_labb_i2c/esp32/build_contexts/build_ctx_655065916/deps/rpc-uart/src -v /fwbuild-volumes/2.11.0/apps/iot_labb_i2c/esp32/build_contexts/build_ctx_655065916/deps/mbedtls/mbedtls/include:/fwbuild-volumes/2.11.0/apps/iot_labb_i2c/esp32/build_contexts/build_ctx_655065916/deps/mbedtls/mbedtls/include -v /fwbuild-volumes/2.11.0/apps/iot_labb_i2c/esp32/build_contexts/build_ctx_655065916/deps/rpc-service-config/include:/fwbuild-volumes/2.11.0/apps/iot_labb_i2c/esp32/build_contexts/build_ctx_655065916/deps/rpc-service-config/include -v /fwbuild-volumes/2.11.0/apps/iot_labb_i2c/esp32/build_contexts/build_ctx_655065916/deps/modules/mongoose-os:/fwbuild-volumes/2.11.0/apps/iot_labb_i2c/esp32/build_contexts/build_ctx_655065916/deps/modules/mongoose-os -v /fwbuild-volumes/2.11.0/apps/iot_labb_i2c/esp32/build_contexts/build_ctx_655065916/deps/vfs-common/src:/fwbuild-volumes/2.11.0/apps/iot_labb_i2c/esp32/build_contexts/build_ctx_655065916/deps/vfs-common/src -v /fwbuild-volumes/2.11.0/apps/iot_labb_i2c/esp32/build_contexts/build_ctx_655065916/deps/rpc-common/src:/fwbuild-volumes/2.11.0/apps/iot_labb_i2c/esp32/build_contexts/build_ctx_655065916/deps/rpc-common/src -v /fwbuild-volumes/2.11.0/apps/iot_labb_i2c/esp32/build_contexts/build_ctx_655065916/deps/rpc-common/include:/fwbuild-volumes/2.11.0/apps/iot_labb_i2c/esp32/build_contexts/build_ctx_655065916/deps/rpc-common/include -v /fwbuild-volumes/2.11.0/apps/iot_labb_i2c/esp32/build_contexts/build_ctx_655065916/deps/pwm/mjs_fs:/fwbuild-volumes/2.11.0/apps/iot_labb_i2c/esp32/build_contexts/build_ctx_655065916/deps/pwm/mjs_fs -v /fwbuild-volumes/2.11.0/apps/iot_labb_i2c/esp32/build_contexts/build_ctx_655065916/fs:/fwbuild-volumes/2.11.0/apps/iot_labb_i2c/esp32/build_contexts/build_ctx_655065916/fs -v /fwbuild-volumes/2.11.0/apps/iot_labb_i2c/esp32/build_contexts/build_ctx_655065916/deps/adc/include:/fwbuild-volumes/2.11.0/apps/iot_labb_i2c/esp32/build_contexts/build_ctx_655065916/deps/adc/include -v /fwbuild-volumes/2.11.0/apps/iot_labb_i2c/esp32/build_contexts/build_ctx_655065916/deps/atca/cryptoauthlib/lib/basic:/fwbuild-volumes/2.11.0/apps/iot_labb_i2c/esp32/build_contexts/build_ctx_655065916/deps/atca/cryptoauthlib/lib/basic -v /fwbuild-volumes/2.11.0/apps/iot_labb_i2c/esp32/build_contexts/build_ctx_655065916/deps/pwm/src:/fwbuild-volumes/2.11.0/apps/iot_labb_i2c/esp32/build_contexts/build_ctx_655065916/deps/pwm/src -v /fwbuild-volumes/2.11.0/apps/iot_labb_i2c/esp32/build_contexts/build_ctx_655065916/deps/rpc-service-fs/src:/fwbuild-volumes/2.11.0/apps/iot_labb_i2c/esp32/build_contexts/build_ctx_655065916/deps/rpc-service-fs/src -v /fwbuild-volumes/2.11.0/apps/iot_labb_i2c/esp32/build_contexts/build_ctx_655065916/deps/vfs-fs-spiffs/include/esp32:/fwbuild-volumes/2.11.0/apps/iot_labb_i2c/esp32/build_contexts/build_ctx_655065916/deps/vfs-fs-spiffs/include/esp32 -v /fwbuild-volumes/2.11.0/apps/iot_labb_i2c/esp32/build_contexts/build_ctx_655065916/deps/rpc-uart/include:/fwbuild-volumes/2.11.0/apps/iot_labb_i2c/esp32/build_contexts/build_ctx_655065916/deps/rpc-uart/include -v /fwbuild-volumes/2.11.0/apps/iot_labb_i2c/esp32/build_contexts/build_ctx_655065916/deps/atca/cryptoauthlib/lib/host:/fwbuild-volumes/2.11.0/apps/iot_labb_i2c/esp32/build_contexts/build_ctx_655065916/deps/atca/cryptoauthlib/lib/host -v /fwbuild-volumes/2.11.0/apps/iot_labb_i2c/esp32/build_contexts/build_ctx_655065916/deps/vfs-fs-lfs/src/littlefs:/fwbuild-volumes/2.11.0/apps/iot_labb_i2c/esp32/build_contexts/build_ctx_655065916/deps/vfs-fs-lfs/src/littlefs -v /fwbuild-volumes/2.11.0/apps/iot_labb_i2c/esp32/build_contexts/build_ctx_655065916/deps/rpc-service-config/src:/fwbuild-volumes/2.11.0/apps/iot_labb_i2c/esp32/build_contexts/build_ctx_655065916/deps/rpc-service-config/src -v /fwbuild-volumes/2.11.0/apps/iot_labb_i2c/esp32/build_contexts/build_ctx_655065916/build:/fwbuild-volumes/2.11.0/apps/iot_labb_i2c/esp32/build_contexts/build_ctx_655065916/build -v /fwbuild-volumes/2.11.0/apps/iot_labb_i2c/esp32/build_contexts/build_ctx_655065916/deps/atca/cryptoauthlib/lib/hal:/fwbuild-volumes/2.11.0/apps/iot_labb_i2c/esp32/build_contexts/build_ctx_655065916/deps/atca/cryptoauthlib/lib/hal -v /fwbuild-volumes/2.11.0/apps/iot_labb_i2c/esp32/build_contexts/build_ctx_655065916/deps/vfs-fs-lfs/src:/fwbuild-volumes/2.11.0/apps/iot_labb_i2c/esp32/build_contexts/build_ctx_655065916/deps/vfs-fs-lfs/src -v /fwbuild-volumes/2.11.0/apps/iot_labb_i2c/esp32/build_contexts/build_ctx_655065916/deps/core/src:/fwbuild-volumes/2.11.0/apps/iot_labb_i2c/esp32/build_contexts/build_ctx_655065916/deps/core/src -v /fwbuild-volumes/2.11.0/apps/iot_labb_i2c/esp32/build_contexts/build_ctx_655065916/deps/i2c/src:/fwbuild-volumes/2.11.0/apps/iot_labb_i2c/esp32/build_contexts/build_ctx_655065916/deps/i2c/src -v /fwbuild-volumes/2.11.0/apps/iot_labb_i2c/esp32/build_contexts/build_ctx_655065916/deps/wifi/src:/fwbuild-volumes/2.11.0/apps/iot_labb_i2c/esp32/build_contexts/build_ctx_655065916/deps/wifi/src -v /fwbuild-volumes/2.11.0/apps/iot_labb_i2c/esp32/build_contexts/build_ctx_655065916/deps/mbedtls/include:/fwbuild-volumes/2.11.0/apps/iot_labb_i2c/esp32/build_contexts/build_ctx_655065916/deps/mbedtls/include -v /fwbuild-volumes/2.11.0/apps/iot_labb_i2c/esp32/build_contexts/build_ctx_655065916/deps/rpc-service-fs/include:/fwbuild-volumes/2.11.0/apps/iot_labb_i2c/esp32/build_contexts/build_ctx_655065916/deps/rpc-service-fs/include -v /fwbuild-volumes/2.11.0/apps/iot_labb_i2c/esp32/build_contexts/build_ctx_655065916/deps/wifi/include:/fwbuild-volumes/2.11.0/apps/iot_labb_i2c/esp32/build_contexts/build_ctx_655065916/deps/wifi/include -v /fwbuild-volumes/2.11.0/apps/iot_labb_i2c/esp32/build_contexts/build_ctx_655065916/deps/mjs/fs:/fwbuild-volumes/2.11.0/apps/iot_labb_i2c/esp32/build_contexts/build_ctx_655065916/deps/mjs/fs -v /fwbuild-volumes/2.11.0/apps/iot_labb_i2c/esp32/build_contexts/build_ctx_655065916/deps/wifi/mjs_fs:/fwbuild-volumes/2.11.0/apps/iot_labb_i2c/esp32/build_contexts/build_ctx_655065916/deps/wifi/mjs_fs -v /fwbuild-volumes/2.11.0/apps/iot_labb_i2c/esp32/build_contexts/build_ctx_655065916/deps/mbedtls/include/esp32:/fwbuild-volumes/2.11.0/apps/iot_labb_i2c/esp32/build_contexts/build_ctx_655065916/deps/mbedtls/include/esp32 -v /fwbuild-volumes/2.11.0/apps/iot_labb_i2c/esp32/build_contexts/build_ctx_655065916/deps/core/include:/fwbuild-volumes/2.11.0/apps/iot_labb_i2c/esp32/build_contexts/build_ctx_655065916/deps/core/include -v /fwbuild-volumes/2.11.0/apps/iot_labb_i2c/esp32/build_contexts/build_ctx_655065916/deps/rpc-common/mjs_fs:/fwbuild-volumes/2.11.0/apps/iot_labb_i2c/esp32/build_contexts/build_ctx_655065916/deps/rpc-common/mjs_fs -v /fwbuild-volumes/2.11.0/apps/iot_labb_i2c/esp32/build_contexts/build_ctx_655065916:/app -v /fwbuild-volumes/2.11.0/apps/iot_labb_i2c/esp32/build_contexts/build_ctx_655065916/deps/adc/esp32/src:/fwbuild-volumes/2.11.0/apps/iot_labb_i2c/esp32/build_contexts/build_ctx_655065916/deps/adc/esp32/src -v /fwbuild-volumes/2.11.0/apps/iot_labb_i2c/esp32/build_contexts/build_ctx_655065916/deps/i2c/include:/fwbuild-volumes/2.11.0/apps/iot_labb_i2c/esp32/build_contexts/build_ctx_655065916/deps/i2c/include -v /fwbuild-volumes/2.11.0/apps/iot_labb_i2c/esp32/build_contexts/build_ctx_655065916/deps/atca/include:/fwbuild-volumes/2.11.0/apps/iot_labb_i2c/esp32/build_contexts/build_ctx_655065916/deps/atca/include -v /fwbuild-volumes/2.11.0/apps/iot_labb_i2c/esp32/build_contexts/build_ctx_655065916/deps/adc/mjs_fs:/fwbuild-volumes/2.11.0/apps/iot_labb_i2c/esp32/build_contexts/build_ctx_655065916/deps/adc/mjs_fs -v /fwbuild-volumes/2.11.0/apps/iot_labb_i2c/esp32/build_contexts/build_ctx_655065916/deps/modules/mongoose-os:/mongoose-os -v /fwbuild-volumes/2.11.0/apps/iot_labb_i2c/esp32/build_contexts/build_ctx_655065916/deps/vfs-fs-lfs/include:/fwbuild-volumes/2.11.0/apps/iot_labb_i2c/esp32/build_contexts/build_ctx_655065916/deps/vfs-fs-lfs/include -v /fwbuild-volumes/2.11.0/apps/iot_labb_i2c/esp32/build_contexts/build_ctx_655065916/deps/atca/cryptoauthlib/lib:/fwbuild-volumes/2.11.0/apps/iot_labb_i2c/esp32/build_contexts/build_ctx_655065916/deps/atca/cryptoauthlib/lib -v /fwbuild-volumes/2.11.0/apps/iot_labb_i2c/esp32/build_contexts/build_ctx_655065916/deps/modules/mjs/mjs/lib:/fwbuild-volumes/2.11.0/apps/iot_labb_i2c/esp32/build_contexts/build_ctx_655065916/deps/modules/mjs/mjs/lib -v /fwbuild-volumes/2.11.0/apps/iot_labb_i2c/esp32/build_contexts/build_ctx_655065916/deps/i2c/mjs_fs:/fwbuild-volumes/2.11.0/apps/iot_labb_i2c/esp32/build_contexts/build_ctx_655065916/deps/i2c/mjs_fs --user 0:0 docker.io/mgos/esp32-build:3.2-r1 /bin/bash -c nice make '-j' '8' '-C' '/app' '-f' '/mongoose-os/fw/platforms/esp32/Makefile.build' 'all' 'MGOS_VARS_FILE=/fwbuild-volumes/2.11.0/apps/iot_labb_i2c/esp32/build_contexts/build_ctx_655065916/build/gen/vars.mk'
make: Entering directory '/app'
Toolchain path: /opt/Espressif/xtensa-esp32-elf/bin/xtensa-esp32-elf-gcc
Toolchain version: crosstool-ng-1.22.0-80-g6c4433a
Compiler version: 5.2.0
/mongoose-os/fw/platforms/esp32/Makefile.build:185: warning: overriding recipe for target 'defconfig'
/opt/Espressif/esp-idf/make/project_config.mk:76: warning: ignoring old recipe for target 'defconfig'
/mongoose-os/fw/platforms/esp32/Makefile.build:185: warning: overriding recipe for target 'menuconfig'
/opt/Espressif/esp-idf/make/project_config.mk:63: warning: ignoring old recipe for target 'menuconfig'
/mongoose-os/fw/platforms/esp32/Makefile.build:220: warning: overriding recipe for target 'clean'
/opt/Espressif/esp-idf/components/app_update/Makefile.projbuild:60: warning: ignoring old recipe for target 'clean'
make[1]: Entering directory '/opt/Espressif/esp-idf/components/bootloader/subproject'
Python requirements from /opt/Espressif/esp-idf/requirements.txt are satisfied.
make[1]: Leaving directory '/opt/Espressif/esp-idf/components/bootloader/subproject'
  GEN    /fwbuild-volumes/2.11.0/apps/iot_labb_i2c/esp32/build_contexts/build_ctx_655065916/build/objs/fw_temp/manifest.json
  ZIP    /fwbuild-volumes/2.11.0/apps/iot_labb_i2c/esp32/build_contexts/build_ctx_655065916/build/fw/iot_labb_i2c-esp32-last.zip
     Adding /fwbuild-volumes/2.11.0/apps/iot_labb_i2c/esp32/build_contexts/build_ctx_655065916/build/objs/fw_temp/bootloader.bin
     Adding /fwbuild-volumes/2.11.0/apps/iot_labb_i2c/esp32/build_contexts/build_ctx_655065916/build/objs/fw_temp/fs.img
     Adding /fwbuild-volumes/2.11.0/apps/iot_labb_i2c/esp32/build_contexts/build_ctx_655065916/build/objs/fw_temp/iot_labb_i2c.bin
     Adding /fwbuild-volumes/2.11.0/apps/iot_labb_i2c/esp32/build_contexts/build_ctx_655065916/build/objs/fw_temp/otadata.bin
     Adding /fwbuild-volumes/2.11.0/apps/iot_labb_i2c/esp32/build_contexts/build_ctx_655065916/build/objs/fw_temp/partitions_mgos.bin
  Built iot_labb_i2c/esp32 version 1.0 (20190130-110858)
To flash all build output, run 'make flash' or:
python /opt/Espressif/esp-idf/components/esptool_py/esptool/esptool.py --chip esp32 --port /dev/ttyUSB0 --baud 1500000 --before default_reset --after hard_reset write_flash -z --flash_mode qio --flash_freq 40m --flash_size detect 0xd000 /fwbuild-volumes/2.11.0/apps/iot_labb_i2c/esp32/build_contexts/build_ctx_655065916/build/objs/ota_data_initial.bin 0x1000 /fwbuild-volumes/2.11.0/apps/iot_labb_i2c/esp32/build_contexts/build_ctx_655065916/build/objs/bootloader/bootloader.bin 0x10000 /fwbuild-volumes/2.11.0/apps/iot_labb_i2c/esp32/build_contexts/build_ctx_655065916/build/objs/iot_labb_i2c.bin 0x8000 /fwbuild-volumes/2.11.0/apps/iot_labb_i2c/esp32/build_contexts/build_ctx_655065916/build/objs/partitions_mgos.bin
make: Leaving directory '/app'
Success, built iot_labb_i2c/esp32 version 1.0 (20190130-110858).
Firmware saved to /fwbuild-volumes/2.11.0/apps/iot_labb_i2c/esp32/build_contexts/build_ctx_655065916/build/fw.zip
