Handling lib "rpc-uart"...
Handling lib "rpc-service-fs"...
Handling lib "rpc-sSuccess, built iot_labb/esp32 version 1.0 (20190129-081329).
Firmware saved to C:\Users\sifr0013\Desktop\Mongoose-OS\iot_labb\build\fw.zip
11.0...
zz_boards: Checking out 2.11.0...
mjs: Done, hash ce86d41dc6b5b071aef445459c3b1085d9447456
zz_boards: Done, hash 94082c290df35a92b26a5247f0b3dce8d36707e0
mjs: Hash unchanged at ce86d41dc6b5b071aef445459c3b1085d9447456 (dir "/fwbuild-volumes/2.11.0/apps/iot_labb/esp32/build_contexts/build_ctx_918851350/deps/mjs")
mjs: Prepared local dir: "/fwbuild-volumes/2.11.0/apps/iot_labb/esp32/build_contexts/build_ctx_918851350/deps/mjs"
zz_boards: Hash unchanged at 94082c290df35a92b26a5247f0b3dce8d36707e0 (dir "/fwbuild-volumes/2.11.0/apps/iot_labb/esp32/build_contexts/build_ctx_918851350/deps/boards")
zz_boards: Prepared local dir: "/fwbuild-volumes/2.11.0/apps/iot_labb/esp32/build_contexts/build_ctx_918851350/deps/boards"
rpc-service-config: Checking out 2.11.0...
rpc-uart: Checking out 2.11.0...
rpc-service-config: Done, hash 8ceacef143f63104bf6b2ee2842358edf04bcce0
rpc-uart: Done, hash 691c19480613c8586e800dda067ea9bc1d311b6d
rpc-service-config: Hash unchanged at 8ceacef143f63104bf6b2ee2842358edf04bcce0 (dir "/fwbuild-volumes/2.11.0/apps/iot_labb/esp32/build_contexts/build_ctx_918851350/deps/rpc-service-config")
rpc-service-config: Prepared local dir: "/fwbuild-volumes/2.11.0/apps/iot_labb/esp32/build_contexts/build_ctx_918851350/deps/rpc-service-config"
rpc-uart: Hash unchanged at 691c19480613c8586e800dda067ea9bc1d311b6d (dir "/fwbuild-volumes/2.11.0/apps/iot_labb/esp32/build_contexts/build_ctx_918851350/deps/rpc-uart")
rpc-uart: Prepared local dir: "/fwbuild-volumes/2.11.0/apps/iot_labb/esp32/build_contexts/build_ctx_918851350/deps/rpc-uart"
rpc-service-fs: Checking out 2.11.0...
ca-bundle: Checking out 2.11.0...
core: Checking out 2.11.0...
ca-bundle: Done, hash d5a470b260e3485660ffed6b5b1c7c961bd2b88c
ca-bundle: Hash unchanged at d5a470b260e3485660ffed6b5b1c7c961bd2b88c (dir "/fwbuild-volumes/2.11.0/apps/iot_labb/esp32/build_contexts/build_ctx_918851350/deps/ca-bundle")
rpc-service-fs: Done, hash d51b3684c361cd0e5ebdfe456b6dacaeae17155e
ca-bundle: Prepared local dir: "/fwbuild-volumes/2.11.0/apps/iot_labb/esp32/build_contexts/build_ctx_918851350/deps/ca-bundle"
rpc-service-fs: Hash unchanged at d51b3684c361cd0e5ebdfe456b6dacaeae17155e (dir "/fwbuild-volumes/2.11.0/apps/iot_labb/esp32/build_contexts/build_ctx_918851350/deps/rpc-service-fs")
rpc-service-fs: Prepared local dir: "/fwbuild-volumes/2.11.0/apps/iot_labb/esp32/build_contexts/build_ctx_918851350/deps/rpc-service-fs"
core: Done, hash 59c02b9a5039803b261a1b0e58079678ff53a3b1
core: Hash unchanged at 59c02b9a5039803b261a1b0e58079678ff53a3b1 (dir "/fwbuild-volumes/2.11.0/apps/iot_labb/esp32/build_contexts/build_ctx_918851350/deps/core")
core: Prepared local dir: "/fwbuild-volumes/2.11.0/apps/iot_labb/esp32/build_contexts/build_ctx_918851350/deps/core"
Handling lib "rpc-common"...
rpc-common: Checking out 2.11.0...
rpc-common: Done, hash a20f1fa465aa440884fd67cf1fe9d66434829717
rpc-common: Hash unchanged at a20f1fa465aa440884fd67cf1fe9d66434829717 (dir "/fwbuild-volumes/2.11.0/apps/iot_labb/esp32/build_contexts/build_ctx_918851350/deps/rpc-common")
rpc-common: Prepared local dir: "/fwbuild-volumes/2.11.0/apps/iot_labb/esp32/build_contexts/build_ctx_918851350/deps/rpc-common"
Handling lib "mongoose"...
Handling lib "vfs-fs-lfs"...
Handling lib "vfs-fs-spiffs"...
mongoose: Checking out 2.11.0...
vfs-fs-lfs: Checking out 2.11.0...
mongoose: Done, hash 2fc5106f605eeec0817935647ca1d845958ffcc4
vfs-fs-spiffs: Checking out 2.11.0...
mongoose: Hash unchanged at 2fc5106f605eeec0817935647ca1d845958ffcc4 (dir "/fwbuild-volumes/2.11.0/apps/iot_labb/esp32/build_contexts/build_ctx_918851350/deps/mongoose")
mongoose: Prepared local dir: "/fwbuild-volumes/2.11.0/apps/iot_labb/esp32/build_contexts/build_ctx_918851350/deps/mongoose"
vfs-fs-lfs: Done, hash d4659010ad2e635e85b128dfe59d3d341e3b6aa2
vfs-fs-lfs: Hash unchanged at d4659010ad2e635e85b128dfe59d3d341e3b6aa2 (dir "/fwbuild-volumes/2.11.0/apps/iot_labb/esp32/build_contexts/build_ctx_918851350/deps/vfs-fs-lfs")
vfs-fs-lfs: Prepared local dir: "/fwbuild-volumes/2.11.0/apps/iot_labb/esp32/build_contexts/build_ctx_918851350/deps/vfs-fs-lfs"
vfs-fs-spiffs: Done, hash 17bc38527936dd8b5e7c38e8fa96a91c1a9d82fc
vfs-fs-spiffs: Hash unchanged at 17bc38527936dd8b5e7c38e8fa96a91c1a9d82fc (dir "/fwbuild-volumes/2.11.0/apps/iot_labb/esp32/build_contexts/build_ctx_918851350/deps/vfs-fs-spiffs")
vfs-fs-spiffs: Prepared local dir: "/fwbuild-volumes/2.11.0/apps/iot_labb/esp32/build_contexts/build_ctx_918851350/deps/vfs-fs-spiffs"
Handling lib "mbedtls"...
Handling lib "vfs-common"...
vfs-common: Checking out 2.11.0...
vfs-common: Done, hash 39eacd34462423ae67e2333612635499fc48e7dc
vfs-common: Hash unchanged at 39eacd34462423ae67e2333612635499fc48e7dc (dir "/fwbuild-volumes/2.11.0/apps/iot_labb/esp32/build_contexts/build_ctx_918851350/deps/vfs-common")
vfs-common: Prepared local dir: "/fwbuild-volumes/2.11.0/apps/iot_labb/esp32/build_contexts/build_ctx_918851350/deps/vfs-common"
mbedtls: Checking out 2.11.0...
mbedtls: Done, hash a7f78627ce516675b9b3b0f3c86970b1981e4c0f
mbedtls: Hash unchanged at a7f78627ce516675b9b3b0f3c86970b1981e4c0f (dir "/fwbuild-volumes/2.11.0/apps/iot_labb/esp32/build_contexts/build_ctx_918851350/deps/mbedtls")
mbedtls: Prepared local dir: "/fwbuild-volumes/2.11.0/apps/iot_labb/esp32/build_contexts/build_ctx_918851350/deps/mbedtls"
Handling lib "atca"...
atca: Checking out 2.11.0...
atca: Done, hash feaaa86656be4451b27325ea7b95346d017fc74e
atca: Hash unchanged at feaaa86656be4451b27325ea7b95346d017fc74e (dir "/fwbuild-volumes/2.11.0/apps/iot_labb/esp32/build_contexts/build_ctx_918851350/deps/atca")
atca: Prepared local dir: "/fwbuild-volumes/2.11.0/apps/iot_labb/esp32/build_contexts/build_ctx_918851350/deps/atca"
Handling lib "i2c"...
i2c: Checking out 2.11.0...
i2c: Done, hash 484728e39116c639efdc38433cacc5bbfe43514b
i2c: Hash unchanged at 484728e39116c639efdc38433cacc5bbfe43514b (dir "/fwbuild-volumes/2.11.0/apps/iot_labb/esp32/build_contexts/build_ctx_918851350/deps/i2c")
i2c: Prepared local dir: "/fwbuild-volumes/2.11.0/apps/iot_labb/esp32/build_contexts/build_ctx_918851350/deps/i2c"
Handling lib "wifi"...
wifi: Checking out 2.11.0...
wifi: Done, hash 8e6147f50265feec0250b30be7bcb0f3b1ef456a
wifi: Hash unchanged at 8e6147f50265feec0250b30be7bcb0f3b1ef456a (dir "/fwbuild-volumes/2.11.0/apps/iot_labb/esp32/build_contexts/build_ctx_918851350/deps/wifi")
wifi: Prepared local dir: "/fwbuild-volumes/2.11.0/apps/iot_labb/esp32/build_contexts/build_ctx_918851350/deps/wifi"
The flag --module is not given for the module "mjs_module", going to use the repository
mjs_module: Checking out 2.11.0...
mjs_module: Done, hash 3f77ca59701628b7022776d4f8f547993b2cd358
The flag --repo is not given, going to use mongoose-os repository
mongoose-os: Checking out 2.11.0...
mongoose-os: Done, hash 640ebcb65829a7925e39bc80278de15ffd55c1f2
Prebuilt binary for "mbedtls" already exists at "/fwbuild-volumes/2.11.0/apps/iot_labb/esp32/build_contexts/build_ctx_918851350/build/objs/libmbedtls-esp32-2.11.0.a"
Prebuilt binary for "mongoose" already exists at "/fwbuild-volumes/2.11.0/apps/iot_labb/esp32/build_contexts/build_ctx_918851350/build/objs/libmongoose-esp32-2.11.0.a"
Sources: [/fwbuild-volumes/2.11.0/apps/iot_labb/esp32/build_contexts/build_ctx_918851350/src/main.c /fwbuild-volumes/2.11.0/apps/iot_labb/esp32/build_contexts/build_ctx_918851350/build/gen/mgos_deps_init.c /fwbuild-volumes/2.11.0/apps/iot_labb/esp32/build_contexts/build_ctx_918851350/deps/i2c/src/mgos_i2c_master.c /fwbuild-volumes/2.11.0/apps/iot_labb/esp32/build_contexts/build_ctx_918851350/deps/i2c/src/esp32/esp32_i2c_master.c /fwbuild-volumes/2.11.0/apps/iot_labb/esp32/build_contexts/build_ctx_918851350/deps/atca/src/mgos_atca.c /fwbuild-volumes/2.11.0/apps/iot_labb/esp32/build_contexts/build_ctx_918851350/deps/atca/cryptoauthlib/lib/atca_cfgs.c /fwbuild-volumes/2.11.0/apps/iot_labb/esp32/build_contexts/build_ctx_918851350/deps/atca/cryptoauthlib/lib/atca_command.c /fwbuild-volumes/2.11.0/apps/iot_labb/esp32/build_contexts/build_ctx_918851350/deps/atca/cryptoauthlib/lib/atca_device.c /fwbuild-volumes/2.11.0/apps/iot_labb/esp32/build_contexts/build_ctx_918851350/deps/atca/cryptoauthlib/lib/atca_iface.c /fwbuild-volumes/2.11.0/apps/iot_labb/esp32/build_contexts/build_ctx_918851350/deps/atca/cryptoauthlib/lib/basic/atca_basic.c /fwbuild-volumes/2.11.0/apps/iot_labb/esp32/build_contexts/build_ctx_918851350/deps/atca/cryptoauthlib/lib/basic/atca_helpers.c /fwbuild-volumes/2.11.0/apps/iot_labb/esp32/build_contexts/build_ctx_918851350/deps/atca/cryptoauthlib/lib/host/atca_host.c /fwbuild-volumes/2.11.0/apps/iot_labb/esp32/build_contexts/build_ctx_918851350/deps/vfs-common/src/mgos_vfs.c /fwbuild-volumes/2.11.0/apps/iot_labb/esp32/build_contexts/build_ctx_918851350/deps/vfs-common/src/mgos_vfs_dev.c /fwbuild-volumes/2.11.0/apps/iot_labb/esp32/build_contexts/build_ctx_918851350/deps/vfs-common/src/mgos_vfs_internal.c /fwbuild-volumes/2.11.0/apps/iot_labb/esp32/build_contexts/build_ctx_918851350/deps/vfs-common/src/esp32/esp32_fs.c /fwbuild-volumes/2.11.0/apps/iot_labb/esp32/build_contexts/build_ctx_918851350/deps/vfs-common/src/esp32/esp32_fs_crypt.c /fwbuild-volumes/2.11.0/apps/iot_labb/esp32/build_contexts/build_ctx_918851350/deps/vfs-common/src/esp32/esp32_vfs_dev_partition.c /fwbuild-volumes/2.11.0/apps/iot_labb/esp32/build_contexts/build_ctx_918851350/deps/vfs-fs-lfs/src/mgos_vfs_lfs.c /fwbuild-volumes/2.11.0/apps/iot_labb/esp32/build_contexts/build_ctx_918851350/deps/vfs-fs-lfs/src/littlefs/lfs.c /fwbuild-volumes/2.11.0/apps/iot_labb/esp32/build_contexts/build_ctx_918851350/deps/vfs-fs-lfs/src/littlefs/lfs_util.c /fwbuild-volumes/2.11.0/apps/iot_labb/esp32/build_contexts/build_ctx_918851350/deps/vfs-fs-spiffs/src/mgos_vfs_fs_spiffs.c /fwbuild-volumes/2.11.0/apps/iot_labb/esp32/build_contexts/build_ctx_918851350/deps/vfs-fs-spiffs/src/spiffs/spiffs_cache.c /fwbuild-volumes/2.11.0/apps/iot_labb/esp32/build_contexts/build_ctx_918851350/deps/vfs-fs-spiffs/src/spiffs/spiffs_check.c /fwbuild-volumes/2.11.0/apps/iot_labb/esp32/build_contexts/build_ctx_918851350/deps/vfs-fs-spiffs/src/spiffs/spiffs_gc.c /fwbuild-volumes/2.11.0/apps/iot_labb/esp32/build_contexts/build_ctx_918851350/deps/vfs-fs-spiffs/src/spiffs/spiffs_hydrogen.c /fwbuild-volumes/2.11.0/apps/iot_labb/esp32/build_contexts/build_ctx_918851350/deps/vfs-fs-spiffs/src/spiffs/spiffs_nucleus.c /fwbuild-volumes/2.11.0/apps/iot_labb/esp32/build_contexts/build_ctx_918851350/deps/core/src/mgos_core.c /fwbuild-volumes/2.11.0/apps/iot_labb/esp32/build_contexts/build_ctx_918851350/deps/mjs/src/mos_mjs.c /fwbuild-volumes/2.11.0/apps/iot_labb/esp32/build_contexts/build_ctx_918851350/deps/modules/mjs/mjs.c /fwbuild-volumes/2.11.0/apps/iot_labb/esp32/build_contexts/build_ctx_918851350/deps/mjs/esp32/src/esp32_mjs.c /fwbuild-volumes/2.11.0/apps/iot_labb/esp32/build_contexts/build_ctx_918851350/deps/rpc-common/src/mg_rpc.c /fwbuild-volumes/2.11.0/apps/iot_labb/esp32/build_contexts/build_ctx_918851350/deps/rpc-common/src/mg_rpc_channel.c /fwbuild-volumes/2.11.0/apps/iot_labb/esp32/build_contexts/build_ctx_918851350/deps/rpc-common/src/mg_rpc_channel_http.c /fwbuild-volumes/2.11.0/apps/iot_labb/esp32/build_contexts/build_ctx_918851350/deps/rpc-common/src/mgos_rpc.c /fwbuild-volumes/2.11.0/apps/iot_labb/esp32/build_contexts/build_ctx_918851350/deps/rpc-service-config/src/mgos_service_config.c /fwbuild-volumes/2.11.0/apps/iot_labb/esp32/build_contexts/build_ctx_918851350/deps/rpc-service-fs/src/mgos_service_filesystem.c /fwbuild-volumes/2.11.0/apps/iot_labb/esp32/build_contexts/build_ctx_918851350/deps/rpc-uart/src/mgos_rpc_channel_uart.c /fwbuild-volumes/2.11.0/apps/iot_labb/esp32/build_contexts/build_ctx_918851350/deps/wifi/src/mgos_wifi.c /fwbuild-volumes/2.11.0/apps/iot_labb/esp32/build_contexts/build_ctx_918851350/deps/wifi/src/mjs_wifi.c /fwbuild-volumes/2.11.0/apps/iot_labb/esp32/build_contexts/build_ctx_918851350/deps/wifi/esp32/src/esp32_wifi.c]
Include dirs: [/fwbuild-volumes/2.11.0/apps/iot_labb/esp32/build_contexts/build_ctx_918851350/deps/i2c/include /fwbuild-volumes/2.11.0/apps/iot_labb/esp32/build_contexts/build_ctx_918851350/deps/atca/include /fwbuild-volumes/2.11.0/apps/iot_labb/esp32/build_contexts/build_ctx_918851350/deps/atca/cryptoauthlib/lib /fwbuild-volumes/2.11.0/apps/iot_labb/esp32/build_contexts/build_ctx_918851350/deps/mbedtls/include /fwbuild-volumes/2.11.0/apps/iot_labb/esp32/build_contexts/build_ctx_918851350/deps/mbedtls/include/esp32 /fwbuild-volumes/2.11.0/apps/iot_labb/esp32/build_contexts/build_ctx_918851350/deps/mbedtls/mbedtls/include /fwbuild-volumes/2.11.0/apps/iot_labb/esp32/build_contexts/build_ctx_918851350/deps/vfs-common/include /fwbuild-volumes/2.11.0/apps/iot_labb/esp32/build_contexts/build_ctx_918851350/deps/vfs-common/include/esp32 /fwbuild-volumes/2.11.0/apps/iot_labb/esp32/build_contexts/build_ctx_918851350/deps/mongoose/include /fwbuild-volumes/2.11.0/apps/iot_labb/esp32/build_contexts/build_ctx_918851350/deps/vfs-fs-lfs/include /fwbuild-volumes/2.11.0/apps/iot_labb/esp32/build_contexts/build_ctx_918851350/deps/vfs-fs-spiffs/include /fwbuild-volumes/2.11.0/apps/iot_labb/esp32/build_contexts/build_ctx_918851350/deps/vfs-fs-spiffs/include/spiffs /fwbuild-volumes/2.11.0/apps/iot_labb/esp32/build_contexts/build_ctx_918851350/deps/vfs-fs-spiffs/include/esp32 /fwbuild-volumes/2.11.0/apps/iot_labb/esp32/build_contexts/build_ctx_918851350/deps/core/include /fwbuild-volumes/2.11.0/apps/iot_labb/esp32/build_contexts/build_ctx_918851350/deps/core/include/esp32 /fwbuild-volumes/2.11.0/apps/iot_labb/esp32/build_contexts/build_ctx_918851350/deps/mjs/include /fwbuild-volumes/2.11.0/apps/iot_labb/esp32/build_contexts/build_ctx_918851350/deps/rpc-common/include /fwbuild-volumes/2.11.0/apps/iot_labb/esp32/build_contexts/build_ctx_918851350/deps/rpc-service-config/include /fwbuild-volumes/2.11.0/apps/iot_labb/esp32/build_contexts/build_ctx_918851350/deps/rpc-service-fs/include /fwbuild-volumes/2.11.0/apps/iot_labb/esp32/build_contexts/build_ctx_918851350/deps/rpc-uart/include /fwbuild-volumes/2.11.0/apps/iot_labb/esp32/build_contexts/build_ctx_918851350/deps/wifi/include /fwbuild-volumes/2.11.0/apps/iot_labb/esp32/build_contexts/build_ctx_918851350/deps/wifi/esp32/include]
Binary libs: [/fwbuild-volumes/2.11.0/apps/iot_labb/esp32/build_contexts/build_ctx_918851350/build/objs/libmbedtls-esp32-2.11.0.a /fwbuild-volumes/2.11.0/apps/iot_labb/esp32/build_contexts/build_ctx_918851350/build/objs/libmongoose-esp32-2.11.0.a]
Building...
mount from "/fwbuild-volumes/2.11.0/apps/iot_labb/esp32/build_contexts/build_ctx_918851350" to "/app"
mount from "/fwbuild-volumes/2.11.0/apps/iot_labb/esp32/build_contexts/build_ctx_918851350/deps/modules/mongoose-os" to "/mongoose-os"
mount from "/fwbuild-volumes/2.11.0/apps/iot_labb/esp32/build_contexts/build_ctx_918851350/deps/modules/mongoose-os" to "/fwbuild-volumes/2.11.0/apps/iot_labb/esp32/build_contexts/build_ctx_918851350/deps/modules/mongoose-os"
mount from "/fwbuild-volumes/2.11.0/apps/iot_labb/esp32/build_contexts/build_ctx_918851350/build" to "/fwbuild-volumes/2.11.0/apps/iot_labb/esp32/build_contexts/build_ctx_918851350/build"
mount from "/fwbuild-volumes/2.11.0/apps/iot_labb/esp32/build_contexts/build_ctx_918851350/src" to "/fwbuild-volumes/2.11.0/apps/iot_labb/esp32/build_contexts/build_ctx_918851350/src"
mount from "/fwbuild-volumes/2.11.0/apps/iot_labb/esp32/build_contexts/build_ctx_918851350/build/gen" to "/fwbuild-volumes/2.11.0/apps/iot_labb/esp32/build_contexts/build_ctx_918851350/build/gen"
mount from "/fwbuild-volumes/2.11.0/apps/iot_labb/esp32/build_contexts/build_ctx_918851350/deps/i2c/src" to "/fwbuild-volumes/2.11.0/apps/iot_labb/esp32/build_contexts/build_ctx_918851350/deps/i2c/src"
mount from "/fwbuild-volumes/2.11.0/apps/iot_labb/esp32/build_contexts/build_ctx_918851350/deps/i2c/src/esp32" to "/fwbuild-volumes/2.11.0/apps/iot_labb/esp32/build_contexts/build_ctx_918851350/deps/i2c/src/esp32"
mount from "/fwbuild-volumes/2.11.0/apps/iot_labb/esp32/build_contexts/build_ctx_918851350/deps/atca/src" to "/fwbuild-volumes/2.11.0/apps/iot_labb/esp32/build_contexts/build_ctx_918851350/deps/atca/src"
mount from "/fwbuild-volumes/2.11.0/apps/iot_labb/esp32/build_contexts/build_ctx_918851350/deps/atca/cryptoauthlib/lib" to "/fwbuild-volumes/2.11.0/apps/iot_labb/esp32/build_contexts/build_ctx_918851350/deps/atca/cryptoauthlib/lib"
mount from "/fwbuild-volumes/2.11.0/apps/iot_labb/esp32/build_contexts/build_ctx_918851350/deps/atca/cryptoauthlib/lib/basic" to "/fwbuild-volumes/2.11.0/apps/iot_labb/esp32/build_contexts/build_ctx_918851350/deps/atca/cryptoauthlib/lib/basic"
mount from "/fwbuild-volumes/2.11.0/apps/iot_labb/esp32/build_contexts/build_ctx_918851350/deps/atca/cryptoauthlib/lib/crypto" to "/fwbuild-volumes/2.11.0/apps/iot_labb/esp32/build_contexts/build_ctx_918851350/deps/atca/cryptoauthlib/lib/crypto"
mount from "/fwbuild-volumes/2.11.0/apps/iot_labb/esp32/build_contexts/build_ctx_918851350/deps/atca/cryptoauthlib/lib/hal" to "/fwbuild-volumes/2.11.0/apps/iot_labb/esp32/build_contexts/build_ctx_918851350/deps/atca/cryptoauthlib/lib/hal"
mount from "/fwbuild-volumes/2.11.0/apps/iot_labb/esp32/build_contexts/build_ctx_918851350/deps/atca/cryptoauthlib/lib/host" to "/fwbuild-volumes/2.11.0/apps/iot_labb/esp32/build_contexts/build_ctx_918851350/deps/atca/cryptoauthlib/lib/host"
mount from "/fwbuild-volumes/2.11.0/apps/iot_labb/esp32/build_contexts/build_ctx_918851350/deps/vfs-common/src" to "/fwbuild-volumes/2.11.0/apps/iot_labb/esp32/build_contexts/build_ctx_918851350/deps/vfs-common/src"
mount from "/fwbuild-volumes/2.11.0/apps/iot_labb/esp32/build_contexts/build_ctx_918851350/deps/vfs-common/src/esp32" to "/fwbuild-volumes/2.11.0/apps/iot_labb/esp32/build_contexts/build_ctx_918851350/deps/vfs-common/src/esp32"
mount from "/fwbuild-volumes/2.11.0/apps/iot_labb/esp32/build_contexts/build_ctx_918851350/deps/vfs-fs-lfs/src" to "/fwbuild-volumes/2.11.0/apps/iot_labb/esp32/build_contexts/build_ctx_918851350/deps/vfs-fs-lfs/src"
mount from "/fwbuild-volumes/2.11.0/apps/iot_labb/esp32/build_contexts/build_ctx_918851350/deps/vfs-fs-lfs/src/littlefs" to "/fwbuild-volumes/2.11.0/apps/iot_labb/esp32/build_contexts/build_ctx_918851350/deps/vfs-fs-lfs/src/littlefs"
mount from "/fwbuild-volumes/2.11.0/apps/iot_labb/esp32/build_contexts/build_ctx_918851350/deps/vfs-fs-spiffs/src" to "/fwbuild-volumes/2.11.0/apps/iot_labb/esp32/build_contexts/build_ctx_918851350/deps/vfs-fs-spiffs/src"
mount from "/fwbuild-volumes/2.11.0/apps/iot_labb/esp32/build_contexts/build_ctx_918851350/deps/vfs-fs-spiffs/src/spiffs" to "/fwbuild-volumes/2.11.0/apps/iot_labb/esp32/build_contexts/build_ctx_918851350/deps/vfs-fs-spiffs/src/spiffs"
mount from "/fwbuild-volumes/2.11.0/apps/iot_labb/esp32/build_contexts/build_ctx_918851350/deps/core/src" to "/fwbuild-volumes/2.11.0/apps/iot_labb/esp32/build_contexts/build_ctx_918851350/deps/core/src"
mount from "/fwbuild-volumes/2.11.0/apps/iot_labb/esp32/build_contexts/build_ctx_918851350/deps/mjs/src" to "/fwbuild-volumes/2.11.0/apps/iot_labb/esp32/build_contexts/build_ctx_918851350/deps/mjs/src"
mount from "/fwbuild-volumes/2.11.0/apps/iot_labb/esp32/build_contexts/build_ctx_918851350/deps/modules/mjs" to "/fwbuild-volumes/2.11.0/apps/iot_labb/esp32/build_contexts/build_ctx_918851350/deps/modules/mjs"
mount from "/fwbuild-volumes/2.11.0/apps/iot_labb/esp32/build_contexts/build_ctx_918851350/deps/mjs/esp32/src" to "/fwbuild-volumes/2.11.0/apps/iot_labb/esp32/build_contexts/build_ctx_918851350/deps/mjs/esp32/src"
mount from "/fwbuild-volumes/2.11.0/apps/iot_labb/esp32/build_contexts/build_ctx_918851350/deps/rpc-common/src" to "/fwbuild-volumes/2.11.0/apps/iot_labb/esp32/build_contexts/build_ctx_918851350/deps/rpc-common/src"
mount from "/fwbuild-volumes/2.11.0/apps/iot_labb/esp32/build_contexts/build_ctx_918851350/deps/rpc-service-config/src" to "/fwbuild-volumes/2.11.0/apps/iot_labb/esp32/build_contexts/build_ctx_918851350/deps/rpc-service-config/src"
mount from "/fwbuild-volumes/2.11.0/apps/iot_labb/esp32/build_contexts/build_ctx_918851350/deps/rpc-service-fs/src" to "/fwbuild-volumes/2.11.0/apps/iot_labb/esp32/build_contexts/build_ctx_918851350/deps/rpc-service-fs/src"
mount from "/fwbuild-volumes/2.11.0/apps/iot_labb/esp32/build_contexts/build_ctx_918851350/deps/rpc-uart/src" to "/fwbuild-volumes/2.11.0/apps/iot_labb/esp32/build_contexts/build_ctx_918851350/deps/rpc-uart/src"
mount from "/fwbuild-volumes/2.11.0/apps/iot_labb/esp32/build_contexts/build_ctx_918851350/deps/wifi/src" to "/fwbuild-volumes/2.11.0/apps/iot_labb/esp32/build_contexts/build_ctx_918851350/deps/wifi/src"
mount from "/fwbuild-volumes/2.11.0/apps/iot_labb/esp32/build_contexts/build_ctx_918851350/deps/wifi/esp32/src" to "/fwbuild-volumes/2.11.0/apps/iot_labb/esp32/build_contexts/build_ctx_918851350/deps/wifi/esp32/src"
mount from "/fwbuild-volumes/2.11.0/apps/iot_labb/esp32/build_contexts/build_ctx_918851350/deps/i2c/include" to "/fwbuild-volumes/2.11.0/apps/iot_labb/esp32/build_contexts/build_ctx_918851350/deps/i2c/include"
mount from "/fwbuild-volumes/2.11.0/apps/iot_labb/esp32/build_contexts/build_ctx_918851350/deps/atca/include" to "/fwbuild-volumes/2.11.0/apps/iot_labb/esp32/build_contexts/build_ctx_918851350/deps/atca/include"
mount from "/fwbuild-volumes/2.11.0/apps/iot_labb/esp32/build_contexts/build_ctx_918851350/deps/atca/cryptoauthlib/lib" to "/fwbuild-volumes/2.11.0/apps/iot_labb/esp32/build_contexts/build_ctx_918851350/deps/atca/cryptoauthlib/lib"
mount from "/fwbuild-volumes/2.11.0/apps/iot_labb/esp32/build_contexts/build_ctx_918851350/deps/mbedtls/include" to "/fwbuild-volumes/2.11.0/apps/iot_labb/esp32/build_contexts/build_ctx_918851350/deps/mbedtls/include"
mount from "/fwbuild-volumes/2.11.0/apps/iot_labb/esp32/build_contexts/build_ctx_918851350/deps/mbedtls/include/esp32" to "/fwbuild-volumes/2.11.0/apps/iot_labb/esp32/build_contexts/build_ctx_918851350/deps/mbedtls/include/esp32"
mount from "/fwbuild-volumes/2.11.0/apps/iot_labb/esp32/build_contexts/build_ctx_918851350/deps/mbedtls/mbedtls/include" to "/fwbuild-volumes/2.11.0/apps/iot_labb/esp32/build_contexts/build_ctx_918851350/deps/mbedtls/mbedtls/include"
mount from "/fwbuild-volumes/2.11.0/apps/iot_labb/esp32/build_contexts/build_ctx_918851350/deps/vfs-common/include" to "/fwbuild-volumes/2.11.0/apps/iot_labb/esp32/build_contexts/build_ctx_918851350/deps/vfs-common/include"
mount from "/fwbuild-volumes/2.11.0/apps/iot_labb/esp32/build_contexts/build_ctx_918851350/deps/vfs-common/include/esp32" to "/fwbuild-volumes/2.11.0/apps/iot_labb/esp32/build_contexts/build_ctx_918851350/deps/vfs-common/include/esp32"
mount from "/fwbuild-volumes/2.11.0/apps/iot_labb/esp32/build_contexts/build_ctx_918851350/deps/mongoose/include" to "/fwbuild-volumes/2.11.0/apps/iot_labb/esp32/build_contexts/build_ctx_918851350/deps/mongoose/include"
mount from "/fwbuild-volumes/2.11.0/apps/iot_labb/esp32/build_contexts/build_ctx_918851350/deps/vfs-fs-lfs/include" to "/fwbuild-volumes/2.11.0/apps/iot_labb/esp32/build_contexts/build_ctx_918851350/deps/vfs-fs-lfs/include"
mount from "/fwbuild-volumes/2.11.0/apps/iot_labb/esp32/build_contexts/build_ctx_918851350/deps/vfs-fs-spiffs/include" to "/fwbuild-volumes/2.11.0/apps/iot_labb/esp32/build_contexts/build_ctx_918851350/deps/vfs-fs-spiffs/include"
mount from "/fwbuild-volumes/2.11.0/apps/iot_labb/esp32/build_contexts/build_ctx_918851350/deps/vfs-fs-spiffs/include/spiffs" to "/fwbuild-volumes/2.11.0/apps/iot_labb/esp32/build_contexts/build_ctx_918851350/deps/vfs-fs-spiffs/include/spiffs"
mount from "/fwbuild-volumes/2.11.0/apps/iot_labb/esp32/build_contexts/build_ctx_918851350/deps/vfs-fs-spiffs/include/esp32" to "/fwbuild-volumes/2.11.0/apps/iot_labb/esp32/build_contexts/build_ctx_918851350/deps/vfs-fs-spiffs/include/esp32"
mount from "/fwbuild-volumes/2.11.0/apps/iot_labb/esp32/build_contexts/build_ctx_918851350/deps/core/include" to "/fwbuild-volumes/2.11.0/apps/iot_labb/esp32/build_contexts/build_ctx_918851350/deps/core/include"
mount from "/fwbuild-volumes/2.11.0/apps/iot_labb/esp32/build_contexts/build_ctx_918851350/deps/mjs/include" to "/fwbuild-volumes/2.11.0/apps/iot_labb/esp32/build_contexts/build_ctx_918851350/deps/mjs/include"
mount from "/fwbuild-volumes/2.11.0/apps/iot_labb/esp32/build_contexts/build_ctx_918851350/deps/rpc-common/include" to "/fwbuild-volumes/2.11.0/apps/iot_labb/esp32/build_contexts/build_ctx_918851350/deps/rpc-common/include"
mount from "/fwbuild-volumes/2.11.0/apps/iot_labb/esp32/build_contexts/build_ctx_918851350/deps/rpc-service-config/include" to "/fwbuild-volumes/2.11.0/apps/iot_labb/esp32/build_contexts/build_ctx_918851350/deps/rpc-service-config/include"
mount from "/fwbuild-volumes/2.11.0/apps/iot_labb/esp32/build_contexts/build_ctx_918851350/deps/rpc-service-fs/include" to "/fwbuild-volumes/2.11.0/apps/iot_labb/esp32/build_contexts/build_ctx_918851350/deps/rpc-service-fs/include"
mount from "/fwbuild-volumes/2.11.0/apps/iot_labb/esp32/build_contexts/build_ctx_918851350/deps/rpc-uart/include" to "/fwbuild-volumes/2.11.0/apps/iot_labb/esp32/build_contexts/build_ctx_918851350/deps/rpc-uart/include"
mount from "/fwbuild-volumes/2.11.0/apps/iot_labb/esp32/build_contexts/build_ctx_918851350/deps/wifi/include" to "/fwbuild-volumes/2.11.0/apps/iot_labb/esp32/build_contexts/build_ctx_918851350/deps/wifi/include"
mount from "/fwbuild-volumes/2.11.0/apps/iot_labb/esp32/build_contexts/build_ctx_918851350/deps/wifi/esp32/include" to "/fwbuild-volumes/2.11.0/apps/iot_labb/esp32/build_contexts/build_ctx_918851350/deps/wifi/esp32/include"
mount from "/fwbuild-volumes/2.11.0/apps/iot_labb/esp32/build_contexts/build_ctx_918851350/deps/ca-bundle/fs" to "/fwbuild-volumes/2.11.0/apps/iot_labb/esp32/build_contexts/build_ctx_918851350/deps/ca-bundle/fs"
mount from "/fwbuild-volumes/2.11.0/apps/iot_labb/esp32/build_contexts/build_ctx_918851350/deps/mjs/fs" to "/fwbuild-volumes/2.11.0/apps/iot_labb/esp32/build_contexts/build_ctx_918851350/deps/mjs/fs"
mount from "/fwbuild-volumes/2.11.0/apps/iot_labb/esp32/build_contexts/build_ctx_918851350/deps/modules/mjs/mjs/lib" to "/fwbuild-volumes/2.11.0/apps/iot_labb/esp32/build_contexts/build_ctx_918851350/deps/modules/mjs/mjs/lib"
mount from "/fwbuild-volumes/2.11.0/apps/iot_labb/esp32/build_contexts/build_ctx_918851350/deps/i2c/mjs_fs" to "/fwbuild-volumes/2.11.0/apps/iot_labb/esp32/build_contexts/build_ctx_918851350/deps/i2c/mjs_fs"
mount from "/fwbuild-volumes/2.11.0/apps/iot_labb/esp32/build_contexts/build_ctx_918851350/deps/rpc-common/mjs_fs" to "/fwbuild-volumes/2.11.0/apps/iot_labb/esp32/build_contexts/build_ctx_918851350/deps/rpc-common/mjs_fs"
mount from "/fwbuild-volumes/2.11.0/apps/iot_labb/esp32/build_contexts/build_ctx_918851350/deps/wifi/mjs_fs" to "/fwbuild-volumes/2.11.0/apps/iot_labb/esp32/build_contexts/build_ctx_918851350/deps/wifi/mjs_fs"
mount from "/fwbuild-volumes/2.11.0/apps/iot_labb/esp32/build_contexts/build_ctx_918851350/deps/mjs/esp32/fs" to "/fwbuild-volumes/2.11.0/apps/iot_labb/esp32/build_contexts/build_ctx_918851350/deps/mjs/esp32/fs"
mount from "/fwbuild-volumes/2.11.0/apps/iot_labb/esp32/build_contexts/build_ctx_918851350/fs" to "/fwbuild-volumes/2.11.0/apps/iot_labb/esp32/build_contexts/build_ctx_918851350/fs"
mount from "/fwbuild-volumes/2.11.0/apps/iot_labb/esp32/build_contexts/build_ctx_918851350/build/objs" to "/fwbuild-volumes/2.11.0/apps/iot_labb/esp32/build_contexts/build_ctx_918851350/build/objs"
mount from "/fwbuild-volumes/2.11.0/apps/iot_labb/esp32/build_contexts/build_ctx_918851350/build/objs" to "/fwbuild-volumes/2.11.0/apps/iot_labb/esp32/build_contexts/build_ctx_918851350/build/objs"
mount from "/fwbuild-volumes/2.11.0/apps/iot_labb/esp32/build_contexts/build_ctx_918851350/build/gen" to "/fwbuild-volumes/2.11.0/apps/iot_labb/esp32/build_contexts/build_ctx_918851350/build/gen"
Docker arguments: run --name mos_build_2019-01-29T08-19-21-00_1215870943997885589 --rm -i -v /fwbuild-volumes/2.11.0/apps/iot_labb/esp32/build_contexts/build_ctx_918851350/deps/modules/mjs:/fwbuild-volumes/2.11.0/apps/iot_labb/esp32/build_contexts/build_ctx_918851350/deps/modules/mjs -v /fwbuild-volumes/2.11.0/apps/iot_labb/esp32/build_contexts/build_ctx_918851350/deps/mjs/esp32/src:/fwbuild-volumes/2.11.0/apps/iot_labb/esp32/build_contexts/build_ctx_918851350/deps/mjs/esp32/src -v /fwbuild-volumes/2.11.0/apps/iot_labb/esp32/build_contexts/build_ctx_918851350/deps/i2c/mjs_fs:/fwbuild-volumes/2.11.0/apps/iot_labb/esp32/build_contexts/build_ctx_918851350/deps/i2c/mjs_fs -v /fwbuild-volumes/2.11.0/apps/iot_labb/esp32/build_contexts/build_ctx_918851350/src:/fwbuild-volumes/2.11.0/apps/iot_labb/esp32/build_contexts/build_ctx_918851350/src -v /fwbuild-volumes/2.11.0/apps/iot_labb/esp32/build_contexts/build_ctx_918851350/deps/mongoose/include:/fwbuild-volumes/2.11.0/apps/iot_labb/esp32/build_contexts/build_ctx_918851350/deps/mongoose/include -v /fwbuild-volumes/2.11.0/apps/iot_labb/esp32/build_contexts/build_ctx_918851350/deps/wifi/mjs_fs:/fwbuild-volumes/2.11.0/apps/iot_labb/esp32/build_contexts/build_ctx_918851350/deps/wifi/mjs_fs -v /fwbuild-volumes/2.11.0/apps/iot_labb/esp32/build_contexts/build_ctx_918851350/deps/vfs-common/src/esp32:/fwbuild-volumes/2.11.0/apps/iot_labb/esp32/build_contexts/build_ctx_918851350/deps/vfs-common/src/esp32 -v /fwbuild-volumes/2.11.0/apps/iot_labb/esp32/build_contexts/build_ctx_918851350/deps/mbedtls/include:/fwbuild-volumes/2.11.0/apps/iot_labb/esp32/build_contexts/build_ctx_918851350/deps/mbedtls/include -v /fwbuild-volumes/2.11.0/apps/iot_labb/esp32/build_contexts/build_ctx_918851350/deps/vfs-common/src:/fwbuild-volumes/2.11.0/apps/iot_labb/esp32/build_contexts/build_ctx_918851350/deps/vfs-common/src -v /fwbuild-volumes/2.11.0/apps/iot_labb/esp32/build_contexts/build_ctx_918851350/deps/atca/cryptoauthlib/lib/crypto:/fwbuild-volumes/2.11.0/apps/iot_labb/esp32/build_contexts/build_ctx_918851350/deps/atca/cryptoauthlib/lib/crypto -v /fwbuild-volumes/2.11.0/apps/iot_labb/esp32/build_contexts/build_ctx_918851350/deps/rpc-service-config/src:/fwbuild-volumes/2.11.0/apps/iot_labb/esp32/build_contexts/build_ctx_918851350/deps/rpc-service-config/src -v /fwbuild-volumes/2.11.0/apps/iot_labb/esp32/build_contexts/build_ctx_918851350/deps/i2c/include:/fwbuild-volumes/2.11.0/apps/iot_labb/esp32/build_contexts/build_ctx_918851350/deps/i2c/include -v /fwbuild-volumes/2.11.0/apps/iot_labb/esp32/build_contexts/build_ctx_918851350/deps/mbedtls/mbedtls/include:/fwbuild-volumes/2.11.0/apps/iot_labb/esp32/build_contexts/build_ctx_918851350/deps/mbedtls/mbedtls/include -v /fwbuild-volumes/2.11.0/apps/iot_labb/esp32/build_contexts/build_ctx_918851350/deps/vfs-common/include/esp32:/fwbuild-volumes/2.11.0/apps/iot_labb/esp32/build_contexts/build_ctx_918851350/deps/vfs-common/include/esp32 -v /fwbuild-volumes/2.11.0/apps/iot_labb/esp32/build_contexts/build_ctx_918851350/deps/vfs-fs-spiffs/include/esp32:/fwbuild-volumes/2.11.0/apps/iot_labb/esp32/build_contexts/build_ctx_918851350/deps/vfs-fs-spiffs/include/esp32 -v /fwbuild-volumes/2.11.0/apps/iot_labb/esp32/build_contexts/build_ctx_918851350/deps/ca-bundle/fs:/fwbuild-volumes/2.11.0/apps/iot_labb/esp32/build_contexts/build_ctx_918851350/deps/ca-bundle/fs -v /fwbuild-volumes/2.11.0/apps/iot_labb/esp32/build_contexts/build_ctx_918851350/build:/fwbuild-volumes/2.11.0/apps/iot_labb/esp32/build_contexts/build_ctx_918851350/build -v /fwbuild-volumes/2.11.0/apps/iot_labb/esp32/build_contexts/build_ctx_918851350/deps/vfs-fs-lfs/src/littlefs:/fwbuild-volumes/2.11.0/apps/iot_labb/esp32/build_contexts/build_ctx_918851350/deps/vfs-fs-lfs/src/littlefs -v /fwbuild-volumes/2.11.0/apps/iot_labb/esp32/build_contexts/build_ctx_918851350/deps/rpc-uart/src:/fwbuild-volumes/2.11.0/apps/iot_labb/esp32/build_contexts/build_ctx_918851350/deps/rpc-uart/src -v /fwbuild-volumes/2.11.0/apps/iot_labb/esp32/build_contexts/build_ctx_918851350/deps/core/include:/fwbuild-volumes/2.11.0/apps/iot_labb/esp32/build_contexts/build_ctx_918851350/deps/core/include -v /fwbuild-volumes/2.11.0/apps/iot_labb/esp32/build_contexts/build_ctx_918851350/deps/atca/cryptoauthlib/lib/hal:/fwbuild-volumes/2.11.0/apps/iot_labb/esp32/build_contexts/build_ctx_918851350/deps/atca/cryptoauthlib/lib/hal -v /fwbuild-volumes/2.11.0/apps/iot_labb/esp32/build_contexts/build_ctx_918851350/deps/atca/include:/fwbuild-volumes/2.11.0/apps/iot_labb/esp32/build_contexts/build_ctx_918851350/deps/atca/include -v /fwbuild-volumes/2.11.0/apps/iot_labb/esp32/build_contexts/build_ctx_918851350/deps/vfs-fs-spiffs/src:/fwbuild-volumes/2.11.0/apps/iot_labb/esp32/build_contexts/build_ctx_918851350/deps/vfs-fs-spiffs/src -v /fwbuild-volumes/2.11.0/apps/iot_labb/esp32/build_contexts/build_ctx_918851350/deps/vfs-fs-spiffs/include:/fwbuild-volumes/2.11.0/apps/iot_labb/esp32/build_contexts/build_ctx_918851350/deps/vfs-fs-spiffs/include -v /fwbuild-volumes/2.11.0/apps/iot_labb/esp32/build_contexts/build_ctx_918851350/deps/rpc-service-config/include:/fwbuild-volumes/2.11.0/apps/iot_labb/esp32/build_contexts/build_ctx_918851350/deps/rpc-service-config/include -v /fwbuild-volumes/2.11.0/apps/iot_labb/esp32/build_contexts/build_ctx_918851350/deps/wifi/esp32/include:/fwbuild-volumes/2.11.0/apps/iot_labb/esp32/build_contexts/build_ctx_918851350/deps/wifi/esp32/include -v /fwbuild-volumes/2.11.0/apps/iot_labb/esp32/build_contexts/build_ctx_918851350/deps/i2c/src:/fwbuild-volumes/2.11.0/apps/iot_labb/esp32/build_contexts/build_ctx_918851350/deps/i2c/src -v /fwbuild-volumes/2.11.0/apps/iot_labb/esp32/build_contexts/build_ctx_918851350/build/gen:/fwbuild-volumes/2.11.0/apps/iot_labb/esp32/build_contexts/build_ctx_918851350/build/gen -v /fwbuild-volumes/2.11.0/apps/iot_labb/esp32/build_contexts/build_ctx_918851350/deps/i2c/src/esp32:/fwbuild-volumes/2.11.0/apps/iot_labb/esp32/build_contexts/build_ctx_918851350/deps/i2c/src/esp32 -v /fwbuild-volumes/2.11.0/apps/iot_labb/esp32/build_contexts/build_ctx_918851350/deps/modules/mongoose-os:/mongoose-os -v /fwbuild-volumes/2.11.0/apps/iot_labb/esp32/build_contexts/build_ctx_918851350/deps/mjs/src:/fwbuild-volumes/2.11.0/apps/iot_labb/esp32/build_contexts/build_ctx_918851350/deps/mjs/src -v /fwbuild-volumes/2.11.0/apps/iot_labb/esp32/build_contexts/build_ctx_918851350/deps/vfs-fs-spiffs/include/spiffs:/fwbuild-volumes/2.11.0/apps/iot_labb/esp32/build_contexts/build_ctx_918851350/deps/vfs-fs-spiffs/include/spiffs -v /fwbuild-volumes/2.11.0/apps/iot_labb/esp32/build_contexts/build_ctx_918851350/deps/mjs/include:/fwbuild-volumes/2.11.0/apps/iot_labb/esp32/build_contexts/build_ctx_918851350/deps/mjs/include -v /fwbuild-volumes/2.11.0/apps/iot_labb/esp32/build_contexts/build_ctx_918851350/deps/rpc-common/include:/fwbuild-volumes/2.11.0/apps/iot_labb/esp32/build_contexts/build_ctx_918851350/deps/rpc-common/include -v /fwbuild-volumes/2.11.0/apps/iot_labb/esp32/build_contexts/build_ctx_918851350:/app -v /fwbuild-volumes/2.11.0/apps/iot_labb/esp32/build_contexts/build_ctx_918851350/deps/atca/cryptoauthlib/lib/host:/fwbuild-volumes/2.11.0/apps/iot_labb/esp32/build_contexts/build_ctx_918851350/deps/atca/cryptoauthlib/lib/host -v /fwbuild-volumes/2.11.0/apps/iot_labb/esp32/build_contexts/build_ctx_918851350/deps/atca/cryptoauthlib/lib:/fwbuild-volumes/2.11.0/apps/iot_labb/esp32/build_contexts/build_ctx_918851350/deps/atca/cryptoauthlib/lib -v /fwbuild-volumes/2.11.0/apps/iot_labb/esp32/build_contexts/build_ctx_918851350/deps/mbedtls/include/esp32:/fwbuild-volumes/2.11.0/apps/iot_labb/esp32/build_contexts/build_ctx_918851350/deps/mbedtls/include/esp32 -v /fwbuild-volumes/2.11.0/apps/iot_labb/esp32/build_contexts/build_ctx_918851350/deps/rpc-uart/include:/fwbuild-volumes/2.11.0/apps/iot_labb/esp32/build_contexts/build_ctx_918851350/deps/rpc-uart/include -v /fwbuild-volumes/2.11.0/apps/iot_labb/esp32/build_contexts/build_ctx_918851350/deps/rpc-common/mjs_fs:/fwbuild-volumes/2.11.0/apps/iot_labb/esp32/build_contexts/build_ctx_918851350/deps/rpc-common/mjs_fs -v /fwbuild-volumes/2.11.0/apps/iot_labb/esp32/build_contexts/build_ctx_918851350/deps/wifi/esp32/src:/fwbuild-volumes/2.11.0/apps/iot_labb/esp32/build_contexts/build_ctx_918851350/deps/wifi/esp32/src -v /fwbuild-volumes/2.11.0/apps/iot_labb/esp32/build_contexts/build_ctx_918851350/deps/vfs-fs-lfs/src:/fwbuild-volumes/2.11.0/apps/iot_labb/esp32/build_contexts/build_ctx_918851350/deps/vfs-fs-lfs/src -v /fwbuild-volumes/2.11.0/apps/iot_labb/esp32/build_contexts/build_ctx_918851350/deps/rpc-service-fs/src:/fwbuild-volumes/2.11.0/apps/iot_labb/esp32/build_contexts/build_ctx_918851350/deps/rpc-service-fs/src -v /fwbuild-volumes/2.11.0/apps/iot_labb/esp32/build_contexts/build_ctx_918851350/deps/rpc-service-fs/include:/fwbuild-volumes/2.11.0/apps/iot_labb/esp32/build_contexts/build_ctx_918851350/deps/rpc-service-fs/include -v /fwbuild-volumes/2.11.0/apps/iot_labb/esp32/build_contexts/build_ctx_918851350/deps/modules/mjs/mjs/lib:/fwbuild-volumes/2.11.0/apps/iot_labb/esp32/build_contexts/build_ctx_918851350/deps/modules/mjs/mjs/lib -v /fwbuild-volumes/2.11.0/apps/iot_labb/esp32/build_contexts/build_ctx_918851350/build/objs:/fwbuild-volumes/2.11.0/apps/iot_labb/esp32/build_contexts/build_ctx_918851350/build/objs -v /fwbuild-volumes/2.11.0/apps/iot_labb/esp32/build_contexts/build_ctx_918851350/deps/atca/src:/fwbuild-volumes/2.11.0/apps/iot_labb/esp32/build_contexts/build_ctx_918851350/deps/atca/src -v /fwbuild-volumes/2.11.0/apps/iot_labb/esp32/build_contexts/build_ctx_918851350/deps/mjs/esp32/fs:/fwbuild-volumes/2.11.0/apps/iot_labb/esp32/build_contexts/build_ctx_918851350/deps/mjs/esp32/fs -v /fwbuild-volumes/2.11.0/apps/iot_labb/esp32/build_contexts/build_ctx_918851350/fs:/fwbuild-volumes/2.11.0/apps/iot_labb/esp32/build_contexts/build_ctx_918851350/fs -v /fwbuild-volumes/2.11.0/apps/iot_labb/esp32/build_contexts/build_ctx_918851350/deps/modules/mongoose-os:/fwbuild-volumes/2.11.0/apps/iot_labb/esp32/build_contexts/build_ctx_918851350/deps/modules/mongoose-os -v /fwbuild-volumes/2.11.0/apps/iot_labb/esp32/build_contexts/build_ctx_918851350/deps/rpc-common/src:/fwbuild-volumes/2.11.0/apps/iot_labb/esp32/build_contexts/build_ctx_918851350/deps/rpc-common/src -v /fwbuild-volumes/2.11.0/apps/iot_labb/esp32/build_contexts/build_ctx_918851350/deps/vfs-fs-lfs/include:/fwbuild-volumes/2.11.0/apps/iot_labb/esp32/build_contexts/build_ctx_918851350/deps/vfs-fs-lfs/include -v /fwbuild-volumes/2.11.0/apps/iot_labb/esp32/build_contexts/build_ctx_918851350/deps/atca/cryptoauthlib/lib/basic:/fwbuild-volumes/2.11.0/apps/iot_labb/esp32/build_contexts/build_ctx_918851350/deps/atca/cryptoauthlib/lib/basic -v /fwbuild-volumes/2.11.0/apps/iot_labb/esp32/build_contexts/build_ctx_918851350/deps/core/src:/fwbuild-volumes/2.11.0/apps/iot_labb/esp32/build_contexts/build_ctx_918851350/deps/core/src -v /fwbuild-volumes/2.11.0/apps/iot_labb/esp32/build_contexts/build_ctx_918851350/deps/wifi/src:/fwbuild-volumes/2.11.0/apps/iot_labb/esp32/build_contexts/build_ctx_918851350/deps/wifi/src -v /fwbuild-volumes/2.11.0/apps/iot_labb/esp32/build_contexts/build_ctx_918851350/deps/vfs-common/include:/fwbuild-volumes/2.11.0/apps/iot_labb/esp32/build_contexts/build_ctx_918851350/deps/vfs-common/include -v /fwbuild-volumes/2.11.0/apps/iot_labb/esp32/build_contexts/build_ctx_918851350/deps/wifi/include:/fwbuild-volumes/2.11.0/apps/iot_labb/esp32/build_contexts/build_ctx_918851350/deps/wifi/include -v /fwbuild-volumes/2.11.0/apps/iot_labb/esp32/build_contexts/build_ctx_918851350/deps/mjs/fs:/fwbuild-volumes/2.11.0/apps/iot_labb/esp32/build_contexts/build_ctx_918851350/deps/mjs/fs -v /fwbuild-volumes/2.11.0/apps/iot_labb/esp32/build_contexts/build_ctx_918851350/deps/vfs-fs-spiffs/src/spiffs:/fwbuild-volumes/2.11.0/apps/iot_labb/esp32/build_contexts/build_ctx_918851350/deps/vfs-fs-spiffs/src/spiffs --user 0:0 docker.io/mgos/esp32-build:3.2-r1 /bin/bash -c nice make '-j' '8' '-C' '/app' '-f' '/mongoose-os/fw/platforms/esp32/Makefile.build' 'all' 'MGOS_VARS_FILE=/fwbuild-volumes/2.11.0/apps/iot_labb/esp32/build_contexts/build_ctx_918851350/build/gen/vars.mk'
make: Entering directory '/app'
Toolchain path: /opt/Espressif/xtensa-esp32-elf/bin/xtensa-esp32-elf-gcc
Toolchain version: crosstool-ng-1.22.0-80-g6c4433a
Compiler version: 5.2.0
/mongoose-os/fw/platforms/esp32/Makefile.build:185: warning: overriding recipe for target 'defconfig'
/opt/Espressif/esp-idf/make/project_config.mk:76: warning: ignoring old recipe for target 'defconfig'
/mongoose-os/fw/platforms/esp32/Makefile.build:185: warning: overriding recipe for target 'menuconfig'
/opt/Espressif/esp-idf/make/project_config.mk:63: warning: ignoring old recipe for target 'menuconfig'
/mongoose-os/fw/platforms/esp32/Makefile.build:220: warning: overriding recipe for target 'clean'
/opt/Espressif/esp-idf/components/app_update/Makefile.projbuild:60: warning: ignoring old recipe for target 'clean'
make[1]: Entering directory '/opt/Espressif/esp-idf/components/bootloader/subproject'
make[1]: Entering directory '/fwbuild-volumes/2.11.0/apps/iot_labb/esp32/build_contexts/build_ctx_918851350/build/objs/mosapp'
  GEN   /fwbuild-volumes/2.11.0/apps/iot_labb/esp32/build_contexts/build_ctx_918851350/build/gen/ffi_exports.c
Python requirements from /opt/Espressif/esp-idf/requirements.txt are satisfied.
make[1]: Leaving directory '/opt/Espressif/esp-idf/components/bootloader/subproject'
CC /fwbuild-volumes/2.11.0/apps/iot_labb/esp32/build_contexts/build_ctx_918851350/build/objs/ffi_exports.o
AR /fwbuild-volumes/2.11.0/apps/iot_labb/esp32/build_contexts/build_ctx_918851350/build/objs/mosapp/libmosapp.a
make[1]: Leaving directory '/fwbuild-volumes/2.11.0/apps/iot_labb/esp32/build_contexts/build_ctx_918851350/build/objs/mosapp'
LD /fwbuild-volumes/2.11.0/apps/iot_labb/esp32/build_contexts/build_ctx_918851350/build/objs/iot_labb.elf
esptool.py v2.6-beta1
  CP    /fwbuild-volumes/2.11.0/apps/iot_labb/esp32/build_contexts/build_ctx_918851350/deps/ca-bundle/fs/ca.pem -> /fwbuild-volumes/2.11.0/apps/iot_labb/esp32/build_contexts/build_ctx_918851350/build/objs/fs
  CP    /fwbuild-volumes/2.11.0/apps/iot_labb/esp32/build_contexts/build_ctx_918851350/deps/mjs/fs/api_bitbang.js -> /fwbuild-volumes/2.11.0/apps/iot_labb/esp32/build_contexts/build_ctx_918851350/build/objs/fs
  CP    /fwbuild-volumes/2.11.0/apps/iot_labb/esp32/build_contexts/build_ctx_918851350/deps/mjs/fs/api_config.js -> /fwbuild-volumes/2.11.0/apps/iot_labb/esp32/build_contexts/build_ctx_918851350/build/objs/fs
  CP    /fwbuild-volumes/2.11.0/apps/iot_labb/esp32/build_contexts/build_ctx_918851350/deps/mjs/fs/api_events.js -> /fwbuild-volumes/2.11.0/apps/iot_labb/esp32/build_contexts/build_ctx_918851350/build/objs/fs
  CP    /fwbuild-volumes/2.11.0/apps/iot_labb/esp32/build_contexts/build_ctx_918851350/deps/mjs/fs/api_gpio.js -> /fwbuild-volumes/2.11.0/apps/iot_labb/esp32/build_contexts/build_ctx_918851350/build/objs/fs
  CP    /fwbuild-volumes/2.11.0/apps/iot_labb/esp32/build_contexts/build_ctx_918851350/deps/mjs/fs/api_http.js -> /fwbuild-volumes/2.11.0/apps/iot_labb/esp32/build_contexts/build_ctx_918851350/build/objs/fs
  CP    /fwbuild-volumes/2.11.0/apps/iot_labb/esp32/build_contexts/build_ctx_918851350/deps/mjs/fs/api_log.js -> /fwbuild-volumes/2.11.0/apps/iot_labb/esp32/build_contexts/build_ctx_918851350/build/objs/fs
  CP    /fwbuild-volumes/2.11.0/apps/iot_labb/esp32/build_contexts/build_ctx_918851350/deps/mjs/fs/api_net.js -> /fwbuild-volumes/2.11.0/apps/iot_labb/esp32/build_contexts/build_ctx_918851350/build/objs/fs
  CP    /fwbuild-volumes/2.11.0/apps/iot_labb/esp32/build_contexts/build_ctx_918851350/deps/mjs/fs/api_sys.js -> /fwbuild-volumes/2.11.0/apps/iot_labb/esp32/build_contexts/build_ctx_918851350/build/objs/fs
  CP    /fwbuild-volumes/2.11.0/apps/iot_labb/esp32/build_contexts/build_ctx_918851350/deps/mjs/fs/api_timer.js -> /fwbuild-volumes/2.11.0/apps/iot_labb/esp32/build_contexts/build_ctx_918851350/build/objs/fs
  CP    /fwbuild-volumes/2.11.0/apps/iot_labb/esp32/build_contexts/build_ctx_918851350/deps/mjs/fs/api_uart.js -> /fwbuild-volumes/2.11.0/apps/iot_labb/esp32/build_contexts/build_ctx_918851350/build/objs/fs
  CP    /fwbuild-volumes/2.11.0/apps/iot_labb/esp32/build_contexts/build_ctx_918851350/deps/mjs/fs/init.js -> /fwbuild-volumes/2.11.0/apps/iot_labb/esp32/build_contexts/build_ctx_918851350/build/objs/fs
  CP    /fwbuild-volumes/2.11.0/apps/iot_labb/esp32/build_contexts/build_ctx_918851350/deps/modules/mjs/mjs/lib/api_dataview.js -> /fwbuild-volumes/2.11.0/apps/iot_labb/esp32/build_contexts/build_ctx_918851350/build/objs/fs
  CP    /fwbuild-volumes/2.11.0/apps/iot_labb/esp32/build_contexts/build_ctx_918851350/deps/modules/mjs/mjs/lib/api_file.js -> /fwbuild-volumes/2.11.0/apps/iot_labb/esp32/build_contexts/build_ctx_918851350/build/objs/fs
  CP    /fwbuild-volumes/2.11.0/apps/iot_labb/esp32/build_contexts/build_ctx_918851350/deps/modules/mjs/mjs/lib/api_math.js -> /fwbuild-volumes/2.11.0/apps/iot_labb/esp32/build_contexts/build_ctx_918851350/build/objs/fs
  CP    /fwbuild-volumes/2.11.0/apps/iot_labb/esp32/build_contexts/build_ctx_918851350/deps/i2c/mjs_fs/api_i2c.js -> /fwbuild-volumes/2.11.0/apps/iot_labb/esp32/build_contexts/build_ctx_918851350/build/objs/fs
  CP    /fwbuild-volumes/2.11.0/apps/iot_labb/esp32/build_contexts/build_ctx_918851350/deps/rpc-common/mjs_fs/api_rpc.js -> /fwbuild-volumes/2.11.0/apps/iot_labb/esp32/build_contexts/build_ctx_918851350/build/objs/fs
  CP    /fwbuild-volumes/2.11.0/apps/iot_labb/esp32/build_contexts/build_ctx_918851350/deps/wifi/mjs_fs/api_wifi.js -> /fwbuild-volumes/2.11.0/apps/iot_labb/esp32/build_contexts/build_ctx_918851350/build/objs/fs
  CP    /fwbuild-volumes/2.11.0/apps/iot_labb/esp32/build_contexts/build_ctx_918851350/deps/mjs/esp32/fs/api_arch_uart.js -> /fwbuild-volumes/2.11.0/apps/iot_labb/esp32/build_contexts/build_ctx_918851350/build/objs/fs
  CP    /fwbuild-volumes/2.11.0/apps/iot_labb/esp32/build_contexts/build_ctx_918851350/deps/mjs/esp32/fs/api_esp32.js -> /fwbuild-volumes/2.11.0/apps/iot_labb/esp32/build_contexts/build_ctx_918851350/build/objs/fs
  CP    /fwbuild-volumes/2.11.0/apps/iot_labb/esp32/build_contexts/build_ctx_918851350/fs/index.html -> /fwbuild-volumes/2.11.0/apps/iot_labb/esp32/build_contexts/build_ctx_918851350/build/objs/fs
  CP    /fwbuild-volumes/2.11.0/apps/iot_labb/esp32/build_contexts/build_ctx_918851350/fs/init.js -> /fwbuild-volumes/2.11.0/apps/iot_labb/esp32/build_contexts/build_ctx_918851350/build/objs/fs
  CP    /fwbuild-volumes/2.11.0/apps/iot_labb/esp32/build_contexts/build_ctx_918851350/build/gen/conf0.json -> /fwbuild-volumes/2.11.0/apps/iot_labb/esp32/build_contexts/build_ctx_918851350/build/objs/fs
  MKFS  /usr/local/bin/mkspiffs8 262144 {bs: 4096, ps: 256, es: 4096} /fwbuild-volumes/2.11.0/apps/iot_labb/esp32/build_contexts/build_ctx_918851350/build/objs/fs -> /fwbuild-volumes/2.11.0/apps/iot_labb/esp32/build_contexts/build_ctx_918851350/build/objs/fw_temp/fs.img
     FS params: size=262144, bs=4096, ps=256, es=4096
       Adding api_file.js: 2105
       Adding ca.pem: 25586
       Adding conf0.json: 1249
       Adding api_math.js: 1890
       Adding api_dataview.js: 7433
       Adding api_wifi.js: 1020
       Adding api_http.js: 3812
       Adding api_bitbang.js: 815
       Adding index.html: 70
       Adding api_timer.js: 1736
       Adding api_esp32.js: 460
       Adding init.js: 164
       Adding api_config.js: 2170
       Adding api_sys.js: 1652
       Adding api_arch_uart.js: 1206
       Adding api_gpio.js: 3571
       Adding api_log.js: 2005
       Adding api_events.js: 3857
       Adding api_net.js: 5122
       Adding api_uart.js: 5772
       Adding api_i2c.js: 4880
       Adding api_rpc.js: 2792
     FS stats : space total=233681, used=87599, free=146082
  GEN    /fwbuild-volumes/2.11.0/apps/iot_labb/esp32/build_contexts/build_ctx_918851350/build/objs/fw_temp/manifest.json
  ZIP    /fwbuild-volumes/2.11.0/apps/iot_labb/esp32/build_contexts/build_ctx_918851350/build/fw/iot_labb-esp32-last.zip
     Adding /fwbuild-volumes/2.11.0/apps/iot_labb/esp32/build_contexts/build_ctx_918851350/build/objs/fw_temp/bootloader.bin
     Adding /fwbuild-volumes/2.11.0/apps/iot_labb/esp32/build_contexts/build_ctx_918851350/build/objs/fw_temp/fs.img
     Adding /fwbuild-volumes/2.11.0/apps/iot_labb/esp32/build_contexts/build_ctx_918851350/build/objs/fw_temp/iot_labb.bin
     Adding /fwbuild-volumes/2.11.0/apps/iot_labb/esp32/build_contexts/build_ctx_918851350/build/objs/fw_temp/otadata.bin
     Adding /fwbuild-volumes/2.11.0/apps/iot_labb/esp32/build_contexts/build_ctx_918851350/build/objs/fw_temp/partitions_mgos.bin
  Built iot_labb/esp32 version 1.0 (20190129-081329)
To flash all build output, run 'make flash' or:
python /opt/Espressif/esp-idf/components/esptool_py/esptool/esptool.py --chip esp32 --port /dev/ttyUSB0 --baud 1500000 --before default_reset --after hard_reset write_flash -z --flash_mode qio --flash_freq 40m --flash_size detect 0xd000 /fwbuild-volumes/2.11.0/apps/iot_labb/esp32/build_contexts/build_ctx_918851350/build/objs/ota_data_initial.bin 0x1000 /fwbuild-volumes/2.11.0/apps/iot_labb/esp32/build_contexts/build_ctx_918851350/build/objs/bootloader/bootloader.bin 0x10000 /fwbuild-volumes/2.11.0/apps/iot_labb/esp32/build_contexts/build_ctx_918851350/build/objs/iot_labb.bin 0x8000 /fwbuild-volumes/2.11.0/apps/iot_labb/esp32/build_contexts/build_ctx_918851350/build/objs/partitions_mgos.bin
make: Leaving directory '/app'
Success, built iot_labb/esp32 version 1.0 (20190129-081329).
Firmware saved to /fwbuild-volumes/2.11.0/apps/iot_labb/esp32/build_contexts/build_ctx_918851350/build/fw.zip
